{"/Users/bespin-starter/DTAK-UI-MAPS/dTAK/ditto/config/DittoConfig.ts": {"path":"/Users/bespin-starter/DTAK-UI-MAPS/dTAK/ditto/config/DittoConfig.ts","statementMap":{"0":{"start":{"line":5,"column":40},"end":{"line":12,"column":1}},"1":{"start":{"line":15,"column":39},"end":{"line":22,"column":1}},"2":{"start":{"line":25,"column":23},"end":{"line":37,"column":1}},"3":{"start":{"line":26,"column":2},"end":{"line":28,"column":3}},"4":{"start":{"line":27,"column":4},"end":{"line":27,"column":109}},"5":{"start":{"line":30,"column":2},"end":{"line":32,"column":3}},"6":{"start":{"line":31,"column":4},"end":{"line":31,"column":112}},"7":{"start":{"line":34,"column":2},"end":{"line":36,"column":3}},"8":{"start":{"line":35,"column":4},"end":{"line":35,"column":112}},"9":{"start":{"line":40,"column":30},"end":{"line":45,"column":1}},"10":{"start":{"line":41,"column":24},"end":{"line":41,"column":31}},"11":{"start":{"line":42,"column":17},"end":{"line":42,"column":71}},"12":{"start":{"line":43,"column":2},"end":{"line":43,"column":40}},"13":{"start":{"line":44,"column":2},"end":{"line":44,"column":16}}},"fnMap":{"0":{"name":"(anonymous_0)","decl":{"start":{"line":25,"column":23},"end":{"line":25,"column":24}},"loc":{"start":{"line":25,"column":78},"end":{"line":37,"column":1}},"line":25},"1":{"name":"(anonymous_1)","decl":{"start":{"line":40,"column":30},"end":{"line":40,"column":31}},"loc":{"start":{"line":40,"column":49},"end":{"line":45,"column":1}},"line":40}},"branchMap":{"0":{"loc":{"start":{"line":6,"column":9},"end":{"line":6,"column":68}},"type":"binary-expr","locations":[{"start":{"line":6,"column":9},"end":{"line":6,"column":45}},{"start":{"line":6,"column":49},"end":{"line":6,"column":68}}],"line":6},"1":{"loc":{"start":{"line":7,"column":19},"end":{"line":7,"column":78}},"type":"binary-expr","locations":[{"start":{"line":7,"column":19},"end":{"line":7,"column":65}},{"start":{"line":7,"column":69},"end":{"line":7,"column":78}}],"line":7},"2":{"loc":{"start":{"line":11,"column":16},"end":{"line":11,"column":72}},"type":"binary-expr","locations":[{"start":{"line":11,"column":16},"end":{"line":11,"column":59}},{"start":{"line":11,"column":63},"end":{"line":11,"column":72}}],"line":11},"3":{"loc":{"start":{"line":16,"column":9},"end":{"line":16,"column":118}},"type":"binary-expr","locations":[{"start":{"line":16,"column":9},"end":{"line":16,"column":50}},{"start":{"line":16,"column":54},"end":{"line":16,"column":90}},{"start":{"line":16,"column":94},"end":{"line":16,"column":118}}],"line":16},"4":{"loc":{"start":{"line":26,"column":2},"end":{"line":28,"column":3}},"type":"if","locations":[{"start":{"line":26,"column":2},"end":{"line":28,"column":3}},{"start":{},"end":{}}],"line":26},"5":{"loc":{"start":{"line":30,"column":2},"end":{"line":32,"column":3}},"type":"if","locations":[{"start":{"line":30,"column":2},"end":{"line":32,"column":3}},{"start":{},"end":{}}],"line":30},"6":{"loc":{"start":{"line":30,"column":6},"end":{"line":30,"column":46}},"type":"binary-expr","locations":[{"start":{"line":30,"column":6},"end":{"line":30,"column":20}},{"start":{"line":30,"column":24},"end":{"line":30,"column":46}}],"line":30},"7":{"loc":{"start":{"line":34,"column":2},"end":{"line":36,"column":3}},"type":"if","locations":[{"start":{"line":34,"column":2},"end":{"line":36,"column":3}},{"start":{},"end":{}}],"line":34},"8":{"loc":{"start":{"line":42,"column":17},"end":{"line":42,"column":71}},"type":"cond-expr","locations":[{"start":{"line":42,"column":33},"end":{"line":42,"column":51}},{"start":{"line":42,"column":54},"end":{"line":42,"column":71}}],"line":42}},"s":{"0":2,"1":2,"2":2,"3":2,"4":0,"5":2,"6":0,"7":2,"8":2,"9":2,"10":2,"11":2,"12":2,"13":2},"f":{"0":2,"1":2},"b":{"0":[2,1],"1":[2,1],"2":[2,2],"3":[2,1,0],"4":[0,2],"5":[0,2],"6":[2,1],"7":[2,0],"8":[1,1]},"_coverageSchema":"1a1c01bbd47fc00a2c39e90264f33305004495a9","hash":"9137c0b6aa4d2181200e9ee08b0a7ec385cc963e"}
,"/Users/bespin-starter/DTAK-UI-MAPS/dTAK/ditto/services/MessagingService.ts": {"path":"/Users/bespin-starter/DTAK-UI-MAPS/dTAK/ditto/services/MessagingService.ts","statementMap":{"0":{"start":{"line":18,"column":31},"end":{"line":18,"column":41}},"1":{"start":{"line":19,"column":39},"end":{"line":19,"column":57}},"2":{"start":{"line":21,"column":67},"end":{"line":21,"column":76}},"3":{"start":{"line":22,"column":23},"end":{"line":22,"column":24}},"4":{"start":{"line":23,"column":24},"end":{"line":23,"column":44}},"5":{"start":{"line":24,"column":65},"end":{"line":24,"column":74}},"6":{"start":{"line":25,"column":37},"end":{"line":25,"column":41}},"7":{"start":{"line":26,"column":33},"end":{"line":26,"column":37}},"8":{"start":{"line":29,"column":4},"end":{"line":29,"column":51}},"9":{"start":{"line":30,"column":4},"end":{"line":30,"column":59}},"10":{"start":{"line":31,"column":4},"end":{"line":31,"column":31}},"11":{"start":{"line":35,"column":4},"end":{"line":37,"column":5}},"12":{"start":{"line":36,"column":6},"end":{"line":36,"column":55}},"13":{"start":{"line":39,"column":4},"end":{"line":39,"column":37}},"14":{"start":{"line":40,"column":4},"end":{"line":40,"column":45}},"15":{"start":{"line":41,"column":4},"end":{"line":41,"column":31}},"16":{"start":{"line":43,"column":4},"end":{"line":43,"column":49}},"17":{"start":{"line":47,"column":4},"end":{"line":66,"column":5}},"18":{"start":{"line":48,"column":6},"end":{"line":62,"column":8}},"19":{"start":{"line":51,"column":10},"end":{"line":60,"column":13}},"20":{"start":{"line":52,"column":12},"end":{"line":59,"column":13}},"21":{"start":{"line":53,"column":30},"end":{"line":53,"column":58}},"22":{"start":{"line":54,"column":14},"end":{"line":56,"column":15}},"23":{"start":{"line":55,"column":16},"end":{"line":55,"column":52}},"24":{"start":{"line":58,"column":14},"end":{"line":58,"column":104}},"25":{"start":{"line":64,"column":6},"end":{"line":64,"column":63}},"26":{"start":{"line":65,"column":6},"end":{"line":65,"column":18}},"27":{"start":{"line":70,"column":4},"end":{"line":89,"column":5}},"28":{"start":{"line":71,"column":6},"end":{"line":85,"column":8}},"29":{"start":{"line":74,"column":10},"end":{"line":83,"column":13}},"30":{"start":{"line":75,"column":12},"end":{"line":82,"column":13}},"31":{"start":{"line":76,"column":26},"end":{"line":76,"column":29}},"32":{"start":{"line":77,"column":14},"end":{"line":79,"column":15}},"33":{"start":{"line":78,"column":16},"end":{"line":78,"column":55}},"34":{"start":{"line":81,"column":14},"end":{"line":81,"column":98}},"35":{"start":{"line":87,"column":6},"end":{"line":87,"column":71}},"36":{"start":{"line":88,"column":6},"end":{"line":88,"column":18}},"37":{"start":{"line":99,"column":33},"end":{"line":112,"column":5}},"38":{"start":{"line":114,"column":4},"end":{"line":114,"column":49}},"39":{"start":{"line":115,"column":4},"end":{"line":115,"column":22}},"40":{"start":{"line":127,"column":37},"end":{"line":138,"column":5}},"41":{"start":{"line":140,"column":4},"end":{"line":140,"column":49}},"42":{"start":{"line":141,"column":4},"end":{"line":141,"column":22}},"43":{"start":{"line":154,"column":35},"end":{"line":168,"column":5}},"44":{"start":{"line":170,"column":4},"end":{"line":170,"column":49}},"45":{"start":{"line":171,"column":4},"end":{"line":171,"column":22}},"46":{"start":{"line":179,"column":35},"end":{"line":190,"column":5}},"47":{"start":{"line":192,"column":4},"end":{"line":192,"column":49}},"48":{"start":{"line":193,"column":4},"end":{"line":193,"column":22}},"49":{"start":{"line":197,"column":4},"end":{"line":217,"column":5}},"50":{"start":{"line":199,"column":6},"end":{"line":203,"column":8}},"51":{"start":{"line":206,"column":6},"end":{"line":206,"column":38}},"52":{"start":{"line":207,"column":6},"end":{"line":207,"column":40}},"53":{"start":{"line":210,"column":6},"end":{"line":210,"column":34}},"54":{"start":{"line":212,"column":6},"end":{"line":212,"column":67}},"55":{"start":{"line":214,"column":6},"end":{"line":214,"column":40}},"56":{"start":{"line":215,"column":6},"end":{"line":215,"column":58}},"57":{"start":{"line":216,"column":6},"end":{"line":216,"column":54}},"58":{"start":{"line":222,"column":4},"end":{"line":222,"column":72}},"59":{"start":{"line":225,"column":4},"end":{"line":225,"column":42}},"60":{"start":{"line":228,"column":4},"end":{"line":241,"column":5}},"61":{"start":{"line":230,"column":8},"end":{"line":230,"column":65}},"62":{"start":{"line":231,"column":8},"end":{"line":231,"column":14}},"63":{"start":{"line":233,"column":8},"end":{"line":233,"column":66}},"64":{"start":{"line":234,"column":8},"end":{"line":234,"column":14}},"65":{"start":{"line":236,"column":8},"end":{"line":236,"column":62}},"66":{"start":{"line":237,"column":8},"end":{"line":237,"column":14}},"67":{"start":{"line":239,"column":8},"end":{"line":239,"column":69}},"68":{"start":{"line":240,"column":8},"end":{"line":240,"column":14}},"69":{"start":{"line":243,"column":4},"end":{"line":243,"column":80}},"70":{"start":{"line":251,"column":28},"end":{"line":259,"column":5}},"71":{"start":{"line":261,"column":4},"end":{"line":271,"column":5}},"72":{"start":{"line":262,"column":6},"end":{"line":266,"column":8}},"73":{"start":{"line":268,"column":6},"end":{"line":268,"column":78}},"74":{"start":{"line":270,"column":6},"end":{"line":270,"column":62}},"75":{"start":{"line":275,"column":22},"end":{"line":275,"column":35}},"76":{"start":{"line":278,"column":4},"end":{"line":283,"column":7}},"77":{"start":{"line":286,"column":4},"end":{"line":288,"column":5}},"78":{"start":{"line":287,"column":6},"end":{"line":287,"column":34}},"79":{"start":{"line":290,"column":4},"end":{"line":290,"column":53}},"80":{"start":{"line":297,"column":4},"end":{"line":337,"column":5}},"81":{"start":{"line":298,"column":20},"end":{"line":298,"column":54}},"82":{"start":{"line":299,"column":25},"end":{"line":299,"column":66}},"83":{"start":{"line":301,"column":6},"end":{"line":334,"column":11}},"84":{"start":{"line":304,"column":10},"end":{"line":333,"column":11}},"85":{"start":{"line":305,"column":25},"end":{"line":305,"column":58}},"86":{"start":{"line":306,"column":37},"end":{"line":308,"column":13}},"87":{"start":{"line":307,"column":14},"end":{"line":307,"column":51}},"88":{"start":{"line":310,"column":12},"end":{"line":324,"column":13}},"89":{"start":{"line":311,"column":14},"end":{"line":311,"column":81}},"90":{"start":{"line":312,"column":14},"end":{"line":312,"column":101}},"91":{"start":{"line":316,"column":34},"end":{"line":316,"column":82}},"92":{"start":{"line":317,"column":14},"end":{"line":322,"column":17}},"93":{"start":{"line":323,"column":14},"end":{"line":323,"column":36}},"94":{"start":{"line":327,"column":28},"end":{"line":327,"column":66}},"95":{"start":{"line":328,"column":35},"end":{"line":328,"column":80}},"96":{"start":{"line":330,"column":12},"end":{"line":332,"column":13}},"97":{"start":{"line":331,"column":14},"end":{"line":331,"column":63}},"98":{"start":{"line":336,"column":6},"end":{"line":336,"column":72}},"99":{"start":{"line":342,"column":4},"end":{"line":346,"column":5}},"100":{"start":{"line":343,"column":6},"end":{"line":343,"column":41}},"101":{"start":{"line":344,"column":6},"end":{"line":344,"column":43}},"102":{"start":{"line":345,"column":6},"end":{"line":345,"column":13}},"103":{"start":{"line":348,"column":18},"end":{"line":348,"column":63}},"104":{"start":{"line":349,"column":22},"end":{"line":351,"column":13}},"105":{"start":{"line":350,"column":6},"end":{"line":350,"column":33}},"106":{"start":{"line":353,"column":4},"end":{"line":353,"column":47}},"107":{"start":{"line":357,"column":4},"end":{"line":357,"column":25}},"108":{"start":{"line":358,"column":4},"end":{"line":358,"column":35}},"109":{"start":{"line":360,"column":4},"end":{"line":366,"column":5}},"110":{"start":{"line":361,"column":6},"end":{"line":361,"column":51}},"111":{"start":{"line":362,"column":6},"end":{"line":362,"column":91}},"112":{"start":{"line":364,"column":6},"end":{"line":364,"column":70}},"113":{"start":{"line":365,"column":6},"end":{"line":365,"column":34}},"114":{"start":{"line":370,"column":22},"end":{"line":370,"column":52}},"115":{"start":{"line":371,"column":4},"end":{"line":374,"column":5}},"116":{"start":{"line":372,"column":6},"end":{"line":372,"column":30}},"117":{"start":{"line":373,"column":6},"end":{"line":373,"column":40}},"118":{"start":{"line":379,"column":4},"end":{"line":381,"column":14}},"119":{"start":{"line":380,"column":6},"end":{"line":380,"column":35}},"120":{"start":{"line":386,"column":4},"end":{"line":389,"column":7}},"121":{"start":{"line":394,"column":4},"end":{"line":402,"column":5}},"122":{"start":{"line":395,"column":22},"end":{"line":395,"column":94}},"123":{"start":{"line":397,"column":6},"end":{"line":399,"column":7}},"124":{"start":{"line":398,"column":8},"end":{"line":398,"column":76}},"125":{"start":{"line":401,"column":6},"end":{"line":401,"column":62}},"126":{"start":{"line":407,"column":4},"end":{"line":416,"column":5}},"127":{"start":{"line":408,"column":19},"end":{"line":408,"column":84}},"128":{"start":{"line":409,"column":6},"end":{"line":412,"column":39}},"129":{"start":{"line":410,"column":20},"end":{"line":410,"column":48}},"130":{"start":{"line":411,"column":24},"end":{"line":411,"column":69}},"131":{"start":{"line":414,"column":6},"end":{"line":414,"column":54}},"132":{"start":{"line":415,"column":6},"end":{"line":415,"column":16}},"133":{"start":{"line":420,"column":21},"end":{"line":420,"column":45}},"134":{"start":{"line":421,"column":4},"end":{"line":427,"column":69}},"135":{"start":{"line":423,"column":8},"end":{"line":423,"column":46}},"136":{"start":{"line":423,"column":33},"end":{"line":423,"column":46}},"137":{"start":{"line":424,"column":8},"end":{"line":424,"column":72}},"138":{"start":{"line":424,"column":22},"end":{"line":424,"column":72}},"139":{"start":{"line":425,"column":8},"end":{"line":425,"column":20}},"140":{"start":{"line":427,"column":22},"end":{"line":427,"column":67}},"141":{"start":{"line":431,"column":21},"end":{"line":431,"column":45}},"142":{"start":{"line":432,"column":4},"end":{"line":438,"column":69}},"143":{"start":{"line":434,"column":8},"end":{"line":434,"column":50}},"144":{"start":{"line":434,"column":37},"end":{"line":434,"column":50}},"145":{"start":{"line":435,"column":8},"end":{"line":435,"column":51}},"146":{"start":{"line":435,"column":20},"end":{"line":435,"column":51}},"147":{"start":{"line":436,"column":8},"end":{"line":436,"column":20}},"148":{"start":{"line":438,"column":22},"end":{"line":438,"column":67}},"149":{"start":{"line":442,"column":21},"end":{"line":442,"column":45}},"150":{"start":{"line":443,"column":4},"end":{"line":445,"column":69}},"151":{"start":{"line":444,"column":45},"end":{"line":444,"column":66}},"152":{"start":{"line":445,"column":22},"end":{"line":445,"column":67}},"153":{"start":{"line":450,"column":4},"end":{"line":458,"column":6}},"154":{"start":{"line":454,"column":61},"end":{"line":457,"column":7}},"155":{"start":{"line":462,"column":4},"end":{"line":470,"column":6}},"156":{"start":{"line":466,"column":73},"end":{"line":469,"column":7}},"157":{"start":{"line":474,"column":4},"end":{"line":474,"column":74}},"158":{"start":{"line":478,"column":4},"end":{"line":478,"column":54}},"159":{"start":{"line":482,"column":4},"end":{"line":482,"column":56}},"160":{"start":{"line":487,"column":4},"end":{"line":487,"column":54}},"161":{"start":{"line":491,"column":4},"end":{"line":491,"column":56}},"162":{"start":{"line":495,"column":4},"end":{"line":515,"column":5}},"163":{"start":{"line":497,"column":6},"end":{"line":497,"column":68}},"164":{"start":{"line":497,"column":43},"end":{"line":497,"column":66}},"165":{"start":{"line":498,"column":6},"end":{"line":498,"column":30}},"166":{"start":{"line":501,"column":6},"end":{"line":504,"column":7}},"167":{"start":{"line":502,"column":8},"end":{"line":502,"column":44}},"168":{"start":{"line":503,"column":8},"end":{"line":503,"column":40}},"169":{"start":{"line":506,"column":6},"end":{"line":509,"column":7}},"170":{"start":{"line":507,"column":8},"end":{"line":507,"column":40}},"171":{"start":{"line":508,"column":8},"end":{"line":508,"column":36}},"172":{"start":{"line":511,"column":6},"end":{"line":511,"column":32}},"173":{"start":{"line":512,"column":6},"end":{"line":512,"column":48}},"174":{"start":{"line":514,"column":6},"end":{"line":514,"column":69}},"175":{"start":{"line":520,"column":4},"end":{"line":520,"column":53}},"176":{"start":{"line":521,"column":4},"end":{"line":521,"column":49}},"177":{"start":{"line":522,"column":4},"end":{"line":522,"column":51}},"178":{"start":{"line":523,"column":4},"end":{"line":523,"column":57}},"179":{"start":{"line":524,"column":4},"end":{"line":524,"column":52}},"180":{"start":{"line":525,"column":4},"end":{"line":525,"column":57}},"181":{"start":{"line":526,"column":4},"end":{"line":526,"column":54}},"182":{"start":{"line":527,"column":4},"end":{"line":527,"column":52}},"183":{"start":{"line":528,"column":4},"end":{"line":528,"column":59}},"184":{"start":{"line":532,"column":27},"end":{"line":532,"column":52}},"185":{"start":{"line":533,"column":4},"end":{"line":535,"column":5}},"186":{"start":{"line":534,"column":6},"end":{"line":534,"column":47}},"187":{"start":{"line":539,"column":27},"end":{"line":539,"column":52}},"188":{"start":{"line":540,"column":4},"end":{"line":542,"column":5}},"189":{"start":{"line":541,"column":6},"end":{"line":541,"column":50}},"190":{"start":{"line":549,"column":27},"end":{"line":549,"column":52}},"191":{"start":{"line":550,"column":4},"end":{"line":558,"column":5}},"192":{"start":{"line":551,"column":6},"end":{"line":557,"column":9}},"193":{"start":{"line":552,"column":8},"end":{"line":556,"column":9}},"194":{"start":{"line":553,"column":10},"end":{"line":553,"column":42}},"195":{"start":{"line":555,"column":10},"end":{"line":555,"column":62}},"196":{"start":{"line":562,"column":4},"end":{"line":562,"column":59}},"197":{"start":{"line":562,"column":40},"end":{"line":562,"column":57}}},"fnMap":{"0":{"name":"(anonymous_0)","decl":{"start":{"line":28,"column":2},"end":{"line":28,"column":3}},"loc":{"start":{"line":28,"column":16},"end":{"line":32,"column":3}},"line":28},"1":{"name":"(anonymous_1)","decl":{"start":{"line":34,"column":2},"end":{"line":34,"column":3}},"loc":{"start":{"line":34,"column":36},"end":{"line":44,"column":3}},"line":34},"2":{"name":"(anonymous_2)","decl":{"start":{"line":46,"column":2},"end":{"line":46,"column":3}},"loc":{"start":{"line":46,"column":53},"end":{"line":67,"column":3}},"line":46},"3":{"name":"(anonymous_3)","decl":{"start":{"line":50,"column":8},"end":{"line":50,"column":9}},"loc":{"start":{"line":50,"column":25},"end":{"line":61,"column":9}},"line":50},"4":{"name":"(anonymous_4)","decl":{"start":{"line":51,"column":23},"end":{"line":51,"column":24}},"loc":{"start":{"line":51,"column":30},"end":{"line":60,"column":11}},"line":51},"5":{"name":"(anonymous_5)","decl":{"start":{"line":69,"column":2},"end":{"line":69,"column":3}},"loc":{"start":{"line":69,"column":61},"end":{"line":90,"column":3}},"line":69},"6":{"name":"(anonymous_6)","decl":{"start":{"line":73,"column":8},"end":{"line":73,"column":9}},"loc":{"start":{"line":73,"column":25},"end":{"line":84,"column":9}},"line":73},"7":{"name":"(anonymous_7)","decl":{"start":{"line":74,"column":23},"end":{"line":74,"column":24}},"loc":{"start":{"line":74,"column":30},"end":{"line":83,"column":11}},"line":74},"8":{"name":"(anonymous_8)","decl":{"start":{"line":93,"column":2},"end":{"line":93,"column":3}},"loc":{"start":{"line":98,"column":21},"end":{"line":116,"column":3}},"line":98},"9":{"name":"(anonymous_9)","decl":{"start":{"line":119,"column":2},"end":{"line":119,"column":3}},"loc":{"start":{"line":126,"column":22},"end":{"line":142,"column":3}},"line":126},"10":{"name":"(anonymous_10)","decl":{"start":{"line":145,"column":2},"end":{"line":145,"column":3}},"loc":{"start":{"line":153,"column":22},"end":{"line":172,"column":3}},"line":153},"11":{"name":"(anonymous_11)","decl":{"start":{"line":175,"column":2},"end":{"line":175,"column":3}},"loc":{"start":{"line":178,"column":21},"end":{"line":194,"column":3}},"line":178},"12":{"name":"(anonymous_12)","decl":{"start":{"line":196,"column":2},"end":{"line":196,"column":3}},"loc":{"start":{"line":196,"column":78},"end":{"line":218,"column":3}},"line":196},"13":{"name":"(anonymous_13)","decl":{"start":{"line":220,"column":2},"end":{"line":220,"column":3}},"loc":{"start":{"line":220,"column":60},"end":{"line":244,"column":3}},"line":220},"14":{"name":"(anonymous_14)","decl":{"start":{"line":246,"column":2},"end":{"line":246,"column":3}},"loc":{"start":{"line":250,"column":19},"end":{"line":272,"column":3}},"line":250},"15":{"name":"(anonymous_15)","decl":{"start":{"line":274,"column":2},"end":{"line":274,"column":3}},"loc":{"start":{"line":274,"column":55},"end":{"line":291,"column":3}},"line":274},"16":{"name":"(anonymous_16)","decl":{"start":{"line":293,"column":2},"end":{"line":293,"column":3}},"loc":{"start":{"line":296,"column":19},"end":{"line":338,"column":3}},"line":296},"17":{"name":"(anonymous_17)","decl":{"start":{"line":303,"column":16},"end":{"line":303,"column":17}},"loc":{"start":{"line":303,"column":37},"end":{"line":334,"column":9}},"line":303},"18":{"name":"(anonymous_18)","decl":{"start":{"line":306,"column":59},"end":{"line":306,"column":60}},"loc":{"start":{"line":307,"column":14},"end":{"line":307,"column":51}},"line":307},"19":{"name":"(anonymous_19)","decl":{"start":{"line":341,"column":2},"end":{"line":341,"column":3}},"loc":{"start":{"line":341,"column":52},"end":{"line":354,"column":3}},"line":341},"20":{"name":"(anonymous_20)","decl":{"start":{"line":349,"column":33},"end":{"line":349,"column":34}},"loc":{"start":{"line":349,"column":39},"end":{"line":351,"column":5}},"line":349},"21":{"name":"(anonymous_21)","decl":{"start":{"line":356,"column":2},"end":{"line":356,"column":3}},"loc":{"start":{"line":356,"column":66},"end":{"line":367,"column":3}},"line":356},"22":{"name":"(anonymous_22)","decl":{"start":{"line":369,"column":2},"end":{"line":369,"column":3}},"loc":{"start":{"line":369,"column":47},"end":{"line":375,"column":3}},"line":369},"23":{"name":"(anonymous_23)","decl":{"start":{"line":377,"column":2},"end":{"line":377,"column":3}},"loc":{"start":{"line":377,"column":38},"end":{"line":382,"column":3}},"line":377},"24":{"name":"(anonymous_24)","decl":{"start":{"line":379,"column":16},"end":{"line":379,"column":17}},"loc":{"start":{"line":379,"column":22},"end":{"line":381,"column":5}},"line":379},"25":{"name":"(anonymous_25)","decl":{"start":{"line":384,"column":2},"end":{"line":384,"column":3}},"loc":{"start":{"line":384,"column":40},"end":{"line":390,"column":3}},"line":384},"26":{"name":"(anonymous_26)","decl":{"start":{"line":386,"column":28},"end":{"line":386,"column":29}},"loc":{"start":{"line":386,"column":54},"end":{"line":389,"column":5}},"line":386},"27":{"name":"(anonymous_27)","decl":{"start":{"line":393,"column":2},"end":{"line":393,"column":3}},"loc":{"start":{"line":393,"column":60},"end":{"line":403,"column":3}},"line":393},"28":{"name":"(anonymous_28)","decl":{"start":{"line":406,"column":2},"end":{"line":406,"column":3}},"loc":{"start":{"line":406,"column":84},"end":{"line":417,"column":3}},"line":406},"29":{"name":"(anonymous_29)","decl":{"start":{"line":410,"column":13},"end":{"line":410,"column":14}},"loc":{"start":{"line":410,"column":20},"end":{"line":410,"column":48}},"line":410},"30":{"name":"(anonymous_30)","decl":{"start":{"line":411,"column":14},"end":{"line":411,"column":15}},"loc":{"start":{"line":411,"column":24},"end":{"line":411,"column":69}},"line":411},"31":{"name":"(anonymous_31)","decl":{"start":{"line":419,"column":2},"end":{"line":419,"column":3}},"loc":{"start":{"line":419,"column":67},"end":{"line":428,"column":3}},"line":419},"32":{"name":"(anonymous_32)","decl":{"start":{"line":422,"column":14},"end":{"line":422,"column":15}},"loc":{"start":{"line":422,"column":43},"end":{"line":426,"column":7}},"line":422},"33":{"name":"(anonymous_33)","decl":{"start":{"line":427,"column":12},"end":{"line":427,"column":13}},"loc":{"start":{"line":427,"column":22},"end":{"line":427,"column":67}},"line":427},"34":{"name":"(anonymous_34)","decl":{"start":{"line":430,"column":2},"end":{"line":430,"column":3}},"loc":{"start":{"line":430,"column":73},"end":{"line":439,"column":3}},"line":430},"35":{"name":"(anonymous_35)","decl":{"start":{"line":433,"column":14},"end":{"line":433,"column":15}},"loc":{"start":{"line":433,"column":47},"end":{"line":437,"column":7}},"line":433},"36":{"name":"(anonymous_36)","decl":{"start":{"line":438,"column":12},"end":{"line":438,"column":13}},"loc":{"start":{"line":438,"column":22},"end":{"line":438,"column":67}},"line":438},"37":{"name":"(anonymous_37)","decl":{"start":{"line":441,"column":2},"end":{"line":441,"column":3}},"loc":{"start":{"line":441,"column":54},"end":{"line":446,"column":3}},"line":441},"38":{"name":"(anonymous_38)","decl":{"start":{"line":444,"column":14},"end":{"line":444,"column":15}},"loc":{"start":{"line":444,"column":45},"end":{"line":444,"column":66}},"line":444},"39":{"name":"(anonymous_39)","decl":{"start":{"line":445,"column":12},"end":{"line":445,"column":13}},"loc":{"start":{"line":445,"column":22},"end":{"line":445,"column":67}},"line":445},"40":{"name":"(anonymous_40)","decl":{"start":{"line":449,"column":2},"end":{"line":449,"column":3}},"loc":{"start":{"line":449,"column":54},"end":{"line":459,"column":3}},"line":449},"41":{"name":"(anonymous_41)","decl":{"start":{"line":454,"column":53},"end":{"line":454,"column":54}},"loc":{"start":{"line":454,"column":61},"end":{"line":457,"column":7}},"line":454},"42":{"name":"(anonymous_42)","decl":{"start":{"line":461,"column":2},"end":{"line":461,"column":3}},"loc":{"start":{"line":461,"column":53},"end":{"line":471,"column":3}},"line":461},"43":{"name":"(anonymous_43)","decl":{"start":{"line":466,"column":58},"end":{"line":466,"column":59}},"loc":{"start":{"line":466,"column":73},"end":{"line":469,"column":7}},"line":466},"44":{"name":"(anonymous_44)","decl":{"start":{"line":473,"column":2},"end":{"line":473,"column":3}},"loc":{"start":{"line":473,"column":38},"end":{"line":475,"column":3}},"line":473},"45":{"name":"(anonymous_45)","decl":{"start":{"line":477,"column":2},"end":{"line":477,"column":3}},"loc":{"start":{"line":477,"column":37},"end":{"line":479,"column":3}},"line":477},"46":{"name":"(anonymous_46)","decl":{"start":{"line":481,"column":2},"end":{"line":481,"column":3}},"loc":{"start":{"line":481,"column":39},"end":{"line":483,"column":3}},"line":481},"47":{"name":"(anonymous_47)","decl":{"start":{"line":486,"column":2},"end":{"line":486,"column":3}},"loc":{"start":{"line":486,"column":33},"end":{"line":488,"column":3}},"line":486},"48":{"name":"(anonymous_48)","decl":{"start":{"line":490,"column":2},"end":{"line":490,"column":3}},"loc":{"start":{"line":490,"column":35},"end":{"line":492,"column":3}},"line":490},"49":{"name":"(anonymous_49)","decl":{"start":{"line":494,"column":2},"end":{"line":494,"column":3}},"loc":{"start":{"line":494,"column":34},"end":{"line":516,"column":3}},"line":494},"50":{"name":"(anonymous_50)","decl":{"start":{"line":497,"column":30},"end":{"line":497,"column":31}},"loc":{"start":{"line":497,"column":43},"end":{"line":497,"column":66}},"line":497},"51":{"name":"(anonymous_51)","decl":{"start":{"line":519,"column":2},"end":{"line":519,"column":3}},"loc":{"start":{"line":519,"column":38},"end":{"line":529,"column":3}},"line":519},"52":{"name":"(anonymous_52)","decl":{"start":{"line":531,"column":2},"end":{"line":531,"column":3}},"loc":{"start":{"line":531,"column":84},"end":{"line":536,"column":3}},"line":531},"53":{"name":"(anonymous_53)","decl":{"start":{"line":538,"column":2},"end":{"line":538,"column":3}},"loc":{"start":{"line":538,"column":85},"end":{"line":543,"column":3}},"line":538},"54":{"name":"(anonymous_54)","decl":{"start":{"line":545,"column":2},"end":{"line":545,"column":3}},"loc":{"start":{"line":548,"column":10},"end":{"line":559,"column":3}},"line":548},"55":{"name":"(anonymous_55)","decl":{"start":{"line":551,"column":29},"end":{"line":551,"column":30}},"loc":{"start":{"line":551,"column":41},"end":{"line":557,"column":7}},"line":551},"56":{"name":"(anonymous_56)","decl":{"start":{"line":561,"column":2},"end":{"line":561,"column":3}},"loc":{"start":{"line":561,"column":29},"end":{"line":563,"column":3}},"line":561},"57":{"name":"(anonymous_57)","decl":{"start":{"line":562,"column":27},"end":{"line":562,"column":28}},"loc":{"start":{"line":562,"column":40},"end":{"line":562,"column":57}},"line":562}},"branchMap":{"0":{"loc":{"start":{"line":35,"column":4},"end":{"line":37,"column":5}},"type":"if","locations":[{"start":{"line":35,"column":4},"end":{"line":37,"column":5}},{"start":{},"end":{}}],"line":35},"1":{"loc":{"start":{"line":54,"column":14},"end":{"line":56,"column":15}},"type":"if","locations":[{"start":{"line":54,"column":14},"end":{"line":56,"column":15}},{"start":{},"end":{}}],"line":54},"2":{"loc":{"start":{"line":77,"column":14},"end":{"line":79,"column":15}},"type":"if","locations":[{"start":{"line":77,"column":14},"end":{"line":79,"column":15}},{"start":{},"end":{}}],"line":77},"3":{"loc":{"start":{"line":77,"column":18},"end":{"line":77,"column":68}},"type":"binary-expr","locations":[{"start":{"line":77,"column":18},"end":{"line":77,"column":21}},{"start":{"line":77,"column":25},"end":{"line":77,"column":68}}],"line":77},"4":{"loc":{"start":{"line":228,"column":4},"end":{"line":241,"column":5}},"type":"switch","locations":[{"start":{"line":229,"column":6},"end":{"line":231,"column":14}},{"start":{"line":232,"column":6},"end":{"line":234,"column":14}},{"start":{"line":235,"column":6},"end":{"line":237,"column":14}},{"start":{"line":238,"column":6},"end":{"line":240,"column":14}}],"line":228},"5":{"loc":{"start":{"line":286,"column":4},"end":{"line":288,"column":5}},"type":"if","locations":[{"start":{"line":286,"column":4},"end":{"line":288,"column":5}},{"start":{},"end":{}}],"line":286},"6":{"loc":{"start":{"line":304,"column":10},"end":{"line":333,"column":11}},"type":"if","locations":[{"start":{"line":304,"column":10},"end":{"line":333,"column":11}},{"start":{},"end":{}}],"line":304},"7":{"loc":{"start":{"line":310,"column":12},"end":{"line":324,"column":13}},"type":"if","locations":[{"start":{"line":310,"column":12},"end":{"line":324,"column":13}},{"start":{"line":313,"column":19},"end":{"line":324,"column":13}}],"line":310},"8":{"loc":{"start":{"line":310,"column":16},"end":{"line":310,"column":71}},"type":"binary-expr","locations":[{"start":{"line":310,"column":16},"end":{"line":310,"column":46}},{"start":{"line":310,"column":50},"end":{"line":310,"column":71}}],"line":310},"9":{"loc":{"start":{"line":316,"column":34},"end":{"line":316,"column":82}},"type":"cond-expr","locations":[{"start":{"line":316,"column":62},"end":{"line":316,"column":77}},{"start":{"line":316,"column":80},"end":{"line":316,"column":82}}],"line":316},"10":{"loc":{"start":{"line":330,"column":12},"end":{"line":332,"column":13}},"type":"if","locations":[{"start":{"line":330,"column":12},"end":{"line":332,"column":13}},{"start":{},"end":{}}],"line":330},"11":{"loc":{"start":{"line":342,"column":4},"end":{"line":346,"column":5}},"type":"if","locations":[{"start":{"line":342,"column":4},"end":{"line":346,"column":5}},{"start":{},"end":{}}],"line":342},"12":{"loc":{"start":{"line":348,"column":18},"end":{"line":348,"column":63}},"type":"binary-expr","locations":[{"start":{"line":348,"column":18},"end":{"line":348,"column":54}},{"start":{"line":348,"column":58},"end":{"line":348,"column":63}}],"line":348},"13":{"loc":{"start":{"line":371,"column":4},"end":{"line":374,"column":5}},"type":"if","locations":[{"start":{"line":371,"column":4},"end":{"line":374,"column":5}},{"start":{},"end":{}}],"line":371},"14":{"loc":{"start":{"line":397,"column":6},"end":{"line":399,"column":7}},"type":"if","locations":[{"start":{"line":397,"column":6},"end":{"line":399,"column":7}},{"start":{},"end":{}}],"line":397},"15":{"loc":{"start":{"line":397,"column":10},"end":{"line":397,"column":65}},"type":"binary-expr","locations":[{"start":{"line":397,"column":10},"end":{"line":397,"column":17}},{"start":{"line":397,"column":21},"end":{"line":397,"column":65}}],"line":397},"16":{"loc":{"start":{"line":406,"column":20},"end":{"line":406,"column":38}},"type":"default-arg","locations":[{"start":{"line":406,"column":36},"end":{"line":406,"column":38}}],"line":406},"17":{"loc":{"start":{"line":406,"column":40},"end":{"line":406,"column":58}},"type":"default-arg","locations":[{"start":{"line":406,"column":57},"end":{"line":406,"column":58}}],"line":406},"18":{"loc":{"start":{"line":423,"column":8},"end":{"line":423,"column":46}},"type":"if","locations":[{"start":{"line":423,"column":8},"end":{"line":423,"column":46}},{"start":{},"end":{}}],"line":423},"19":{"loc":{"start":{"line":424,"column":8},"end":{"line":424,"column":72}},"type":"if","locations":[{"start":{"line":424,"column":8},"end":{"line":424,"column":72}},{"start":{},"end":{}}],"line":424},"20":{"loc":{"start":{"line":434,"column":8},"end":{"line":434,"column":50}},"type":"if","locations":[{"start":{"line":434,"column":8},"end":{"line":434,"column":50}},{"start":{},"end":{}}],"line":434},"21":{"loc":{"start":{"line":435,"column":8},"end":{"line":435,"column":51}},"type":"if","locations":[{"start":{"line":435,"column":8},"end":{"line":435,"column":51}},{"start":{},"end":{}}],"line":435},"22":{"loc":{"start":{"line":465,"column":17},"end":{"line":465,"column":70}},"type":"cond-expr","locations":[{"start":{"line":465,"column":34},"end":{"line":465,"column":58}},{"start":{"line":465,"column":61},"end":{"line":465,"column":70}}],"line":465},"23":{"loc":{"start":{"line":466,"column":25},"end":{"line":466,"column":52}},"type":"binary-expr","locations":[{"start":{"line":466,"column":25},"end":{"line":466,"column":46}},{"start":{"line":466,"column":50},"end":{"line":466,"column":52}}],"line":466},"24":{"loc":{"start":{"line":501,"column":6},"end":{"line":504,"column":7}},"type":"if","locations":[{"start":{"line":501,"column":6},"end":{"line":504,"column":7}},{"start":{},"end":{}}],"line":501},"25":{"loc":{"start":{"line":506,"column":6},"end":{"line":509,"column":7}},"type":"if","locations":[{"start":{"line":506,"column":6},"end":{"line":509,"column":7}},{"start":{},"end":{}}],"line":506},"26":{"loc":{"start":{"line":533,"column":4},"end":{"line":535,"column":5}},"type":"if","locations":[{"start":{"line":533,"column":4},"end":{"line":535,"column":5}},{"start":{},"end":{}}],"line":533},"27":{"loc":{"start":{"line":540,"column":4},"end":{"line":542,"column":5}},"type":"if","locations":[{"start":{"line":540,"column":4},"end":{"line":542,"column":5}},{"start":{},"end":{}}],"line":540},"28":{"loc":{"start":{"line":550,"column":4},"end":{"line":558,"column":5}},"type":"if","locations":[{"start":{"line":550,"column":4},"end":{"line":558,"column":5}},{"start":{},"end":{}}],"line":550}},"s":{"0":14,"1":14,"2":14,"3":14,"4":14,"5":14,"6":14,"7":14,"8":14,"9":14,"10":14,"11":14,"12":0,"13":14,"14":14,"15":14,"16":14,"17":14,"18":14,"19":1,"20":1,"21":1,"22":1,"23":1,"24":0,"25":0,"26":0,"27":14,"28":14,"29":1,"30":1,"31":1,"32":1,"33":1,"34":0,"35":0,"36":0,"37":4,"38":4,"39":4,"40":1,"41":1,"42":1,"43":1,"44":1,"45":1,"46":1,"47":1,"48":1,"49":13,"50":13,"51":13,"52":13,"53":13,"54":13,"55":0,"56":0,"57":0,"58":1,"59":1,"60":1,"61":1,"62":1,"63":0,"64":0,"65":0,"66":0,"67":0,"68":0,"69":1,"70":2,"71":2,"72":2,"73":2,"74":0,"75":1,"76":1,"77":1,"78":1,"79":1,"80":1,"81":1,"82":1,"83":1,"84":1,"85":1,"86":1,"87":0,"88":1,"89":0,"90":0,"91":1,"92":1,"93":1,"94":1,"95":1,"96":1,"97":1,"98":0,"99":14,"100":1,"101":1,"102":1,"103":13,"104":13,"105":6,"106":13,"107":6,"108":6,"109":6,"110":6,"111":6,"112":0,"113":0,"114":1,"115":1,"116":0,"117":0,"118":14,"119":0,"120":0,"121":2,"122":2,"123":2,"124":1,"125":0,"126":4,"127":4,"128":4,"129":13,"130":15,"131":0,"132":0,"133":1,"134":1,"135":3,"136":0,"137":3,"138":3,"139":0,"140":1,"141":1,"142":1,"143":4,"144":1,"145":3,"146":3,"147":0,"148":1,"149":1,"150":1,"151":3,"152":1,"153":13,"154":0,"155":14,"156":0,"157":10,"158":13,"159":10,"160":0,"161":0,"162":1,"163":1,"164":1,"165":1,"166":1,"167":1,"168":1,"169":1,"170":1,"171":1,"172":1,"173":1,"174":0,"175":14,"176":14,"177":14,"178":14,"179":14,"180":14,"181":14,"182":14,"183":14,"184":3,"185":3,"186":3,"187":0,"188":0,"189":0,"190":17,"191":17,"192":17,"193":4,"194":4,"195":0,"196":1,"197":9},"f":{"0":14,"1":14,"2":14,"3":1,"4":1,"5":14,"6":1,"7":1,"8":4,"9":1,"10":1,"11":1,"12":13,"13":1,"14":2,"15":1,"16":1,"17":1,"18":0,"19":14,"20":6,"21":6,"22":1,"23":14,"24":0,"25":0,"26":0,"27":2,"28":4,"29":13,"30":15,"31":1,"32":3,"33":1,"34":1,"35":4,"36":1,"37":1,"38":3,"39":1,"40":13,"41":0,"42":14,"43":0,"44":10,"45":13,"46":10,"47":0,"48":0,"49":1,"50":1,"51":14,"52":3,"53":0,"54":17,"55":4,"56":1,"57":9},"b":{"0":[0,14],"1":[1,0],"2":[1,0],"3":[1,1],"4":[1,0,0,0],"5":[1,0],"6":[1,0],"7":[0,1],"8":[1,1],"9":[1,0],"10":[1,0],"11":[1,13],"12":[13,0],"13":[0,1],"14":[1,1],"15":[2,2],"16":[3],"17":[3],"18":[0,3],"19":[3,0],"20":[1,3],"21":[3,0],"22":[0,14],"23":[14,0],"24":[1,0],"25":[1,0],"26":[3,0],"27":[0,0],"28":[17,0]},"_coverageSchema":"1a1c01bbd47fc00a2c39e90264f33305004495a9","hash":"bcfe38053a080660f5f82e7d3e423334b22cd4ab"}
,"/Users/bespin-starter/DTAK-UI-MAPS/dTAK/ditto/services/PeerDiscoveryService.ts": {"path":"/Users/bespin-starter/DTAK-UI-MAPS/dTAK/ditto/services/PeerDiscoveryService.ts","statementMap":{"0":{"start":{"line":13,"column":37},"end":{"line":13,"column":46}},"1":{"start":{"line":14,"column":31},"end":{"line":14,"column":46}},"2":{"start":{"line":15,"column":69},"end":{"line":15,"column":73}},"3":{"start":{"line":18,"column":69},"end":{"line":18,"column":78}},"4":{"start":{"line":19,"column":38},"end":{"line":19,"column":42}},"5":{"start":{"line":22,"column":4},"end":{"line":22,"column":51}},"6":{"start":{"line":23,"column":4},"end":{"line":23,"column":45}},"7":{"start":{"line":24,"column":4},"end":{"line":24,"column":28}},"8":{"start":{"line":25,"column":4},"end":{"line":25,"column":31}},"9":{"start":{"line":29,"column":4},"end":{"line":31,"column":5}},"10":{"start":{"line":30,"column":6},"end":{"line":30,"column":55}},"11":{"start":{"line":34,"column":23},"end":{"line":34,"column":62}},"12":{"start":{"line":35,"column":4},"end":{"line":35,"column":47}},"13":{"start":{"line":38,"column":4},"end":{"line":38,"column":37}},"14":{"start":{"line":41,"column":4},"end":{"line":41,"column":40}},"15":{"start":{"line":44,"column":4},"end":{"line":44,"column":34}},"16":{"start":{"line":47,"column":4},"end":{"line":47,"column":26}},"17":{"start":{"line":49,"column":4},"end":{"line":49,"column":70}},"18":{"start":{"line":53,"column":4},"end":{"line":68,"column":5}},"19":{"start":{"line":54,"column":6},"end":{"line":64,"column":8}},"20":{"start":{"line":57,"column":10},"end":{"line":62,"column":13}},"21":{"start":{"line":58,"column":29},"end":{"line":58,"column":48}},"22":{"start":{"line":59,"column":12},"end":{"line":61,"column":13}},"23":{"start":{"line":60,"column":14},"end":{"line":60,"column":54}},"24":{"start":{"line":66,"column":6},"end":{"line":66,"column":63}},"25":{"start":{"line":67,"column":6},"end":{"line":67,"column":18}},"26":{"start":{"line":72,"column":35},"end":{"line":79,"column":5}},"27":{"start":{"line":81,"column":4},"end":{"line":90,"column":5}},"28":{"start":{"line":82,"column":6},"end":{"line":86,"column":8}},"29":{"start":{"line":88,"column":6},"end":{"line":88,"column":60}},"30":{"start":{"line":89,"column":6},"end":{"line":89,"column":18}},"31":{"start":{"line":94,"column":25},"end":{"line":94,"column":56}},"32":{"start":{"line":96,"column":23},"end":{"line":104,"column":5}},"33":{"start":{"line":106,"column":22},"end":{"line":106,"column":35}},"34":{"start":{"line":107,"column":4},"end":{"line":107,"column":42}},"35":{"start":{"line":109,"column":4},"end":{"line":114,"column":5}},"36":{"start":{"line":110,"column":6},"end":{"line":110,"column":40}},"37":{"start":{"line":111,"column":6},"end":{"line":111,"column":75}},"38":{"start":{"line":113,"column":6},"end":{"line":113,"column":37}},"39":{"start":{"line":118,"column":4},"end":{"line":139,"column":7}},"40":{"start":{"line":119,"column":28},"end":{"line":119,"column":45}},"41":{"start":{"line":121,"column":6},"end":{"line":133,"column":9}},"42":{"start":{"line":122,"column":23},"end":{"line":122,"column":79}},"43":{"start":{"line":123,"column":8},"end":{"line":123,"column":34}},"44":{"start":{"line":125,"column":29},"end":{"line":125,"column":51}},"45":{"start":{"line":126,"column":8},"end":{"line":132,"column":9}},"46":{"start":{"line":127,"column":10},"end":{"line":127,"column":42}},"47":{"start":{"line":128,"column":10},"end":{"line":130,"column":12}},"48":{"start":{"line":131,"column":10},"end":{"line":131,"column":51}},"49":{"start":{"line":136,"column":6},"end":{"line":136,"column":52}},"50":{"start":{"line":138,"column":6},"end":{"line":138,"column":55}},"51":{"start":{"line":143,"column":4},"end":{"line":149,"column":7}},"52":{"start":{"line":144,"column":6},"end":{"line":148,"column":7}},"53":{"start":{"line":145,"column":8},"end":{"line":145,"column":33}},"54":{"start":{"line":146,"column":8},"end":{"line":146,"column":44}},"55":{"start":{"line":147,"column":8},"end":{"line":147,"column":75}},"56":{"start":{"line":153,"column":4},"end":{"line":156,"column":14}},"57":{"start":{"line":154,"column":6},"end":{"line":154,"column":34}},"58":{"start":{"line":155,"column":6},"end":{"line":155,"column":34}},"59":{"start":{"line":160,"column":4},"end":{"line":173,"column":5}},"60":{"start":{"line":161,"column":20},"end":{"line":161,"column":54}},"61":{"start":{"line":162,"column":25},"end":{"line":162,"column":66}},"62":{"start":{"line":164,"column":6},"end":{"line":170,"column":11}},"63":{"start":{"line":167,"column":10},"end":{"line":169,"column":11}},"64":{"start":{"line":168,"column":12},"end":{"line":168,"column":70}},"65":{"start":{"line":172,"column":6},"end":{"line":172,"column":57}},"66":{"start":{"line":177,"column":27},"end":{"line":177,"column":40}},"67":{"start":{"line":178,"column":16},"end":{"line":178,"column":26}},"68":{"start":{"line":180,"column":4},"end":{"line":186,"column":7}},"69":{"start":{"line":181,"column":6},"end":{"line":185,"column":7}},"70":{"start":{"line":182,"column":8},"end":{"line":182,"column":34}},"71":{"start":{"line":183,"column":8},"end":{"line":183,"column":39}},"72":{"start":{"line":184,"column":8},"end":{"line":184,"column":76}},"73":{"start":{"line":191,"column":4},"end":{"line":191,"column":75}},"74":{"start":{"line":195,"column":4},"end":{"line":200,"column":6}},"75":{"start":{"line":204,"column":22},"end":{"line":204,"column":35}},"76":{"start":{"line":205,"column":4},"end":{"line":205,"column":57}},"77":{"start":{"line":211,"column":4},"end":{"line":211,"column":18}},"78":{"start":{"line":215,"column":4},"end":{"line":228,"column":5}},"79":{"start":{"line":218,"column":8},"end":{"line":218,"column":27}},"80":{"start":{"line":222,"column":8},"end":{"line":222,"column":22}},"81":{"start":{"line":225,"column":8},"end":{"line":225,"column":23}},"82":{"start":{"line":227,"column":8},"end":{"line":227,"column":22}},"83":{"start":{"line":232,"column":4},"end":{"line":239,"column":6}},"84":{"start":{"line":243,"column":4},"end":{"line":250,"column":6}},"85":{"start":{"line":255,"column":4},"end":{"line":255,"column":43}},"86":{"start":{"line":259,"column":4},"end":{"line":259,"column":60}},"87":{"start":{"line":259,"column":42},"end":{"line":259,"column":58}},"88":{"start":{"line":263,"column":4},"end":{"line":263,"column":34}},"89":{"start":{"line":267,"column":4},"end":{"line":267,"column":28}},"90":{"start":{"line":271,"column":4},"end":{"line":271,"column":30}},"91":{"start":{"line":279,"column":4},"end":{"line":297,"column":5}},"92":{"start":{"line":280,"column":20},"end":{"line":280,"column":54}},"93":{"start":{"line":281,"column":25},"end":{"line":281,"column":66}},"94":{"start":{"line":283,"column":6},"end":{"line":294,"column":11}},"95":{"start":{"line":286,"column":10},"end":{"line":293,"column":11}},"96":{"start":{"line":287,"column":12},"end":{"line":292,"column":15}},"97":{"start":{"line":296,"column":6},"end":{"line":296,"column":57}},"98":{"start":{"line":301,"column":4},"end":{"line":315,"column":5}},"99":{"start":{"line":302,"column":20},"end":{"line":302,"column":54}},"100":{"start":{"line":303,"column":25},"end":{"line":303,"column":66}},"101":{"start":{"line":305,"column":6},"end":{"line":312,"column":11}},"102":{"start":{"line":308,"column":10},"end":{"line":311,"column":11}},"103":{"start":{"line":309,"column":12},"end":{"line":309,"column":48}},"104":{"start":{"line":310,"column":12},"end":{"line":310,"column":70}},"105":{"start":{"line":314,"column":6},"end":{"line":314,"column":55}},"106":{"start":{"line":319,"column":4},"end":{"line":342,"column":5}},"107":{"start":{"line":321,"column":6},"end":{"line":324,"column":7}},"108":{"start":{"line":322,"column":8},"end":{"line":322,"column":46}},"109":{"start":{"line":323,"column":8},"end":{"line":323,"column":38}},"110":{"start":{"line":327,"column":6},"end":{"line":330,"column":7}},"111":{"start":{"line":328,"column":8},"end":{"line":328,"column":45}},"112":{"start":{"line":329,"column":8},"end":{"line":329,"column":41}},"113":{"start":{"line":333,"column":6},"end":{"line":333,"column":88}},"114":{"start":{"line":336,"column":6},"end":{"line":336,"column":25}},"115":{"start":{"line":337,"column":6},"end":{"line":337,"column":32}},"116":{"start":{"line":339,"column":6},"end":{"line":339,"column":44}},"117":{"start":{"line":341,"column":6},"end":{"line":341,"column":61}},"118":{"start":{"line":347,"column":4},"end":{"line":347,"column":52}},"119":{"start":{"line":348,"column":4},"end":{"line":348,"column":49}},"120":{"start":{"line":349,"column":4},"end":{"line":349,"column":51}},"121":{"start":{"line":350,"column":4},"end":{"line":350,"column":54}},"122":{"start":{"line":351,"column":4},"end":{"line":351,"column":49}},"123":{"start":{"line":355,"column":27},"end":{"line":355,"column":52}},"124":{"start":{"line":356,"column":4},"end":{"line":358,"column":5}},"125":{"start":{"line":357,"column":6},"end":{"line":357,"column":47}},"126":{"start":{"line":362,"column":27},"end":{"line":362,"column":52}},"127":{"start":{"line":363,"column":4},"end":{"line":365,"column":5}},"128":{"start":{"line":364,"column":6},"end":{"line":364,"column":50}},"129":{"start":{"line":372,"column":27},"end":{"line":372,"column":52}},"130":{"start":{"line":373,"column":4},"end":{"line":381,"column":5}},"131":{"start":{"line":374,"column":6},"end":{"line":380,"column":9}},"132":{"start":{"line":375,"column":8},"end":{"line":379,"column":9}},"133":{"start":{"line":376,"column":10},"end":{"line":376,"column":42}},"134":{"start":{"line":378,"column":10},"end":{"line":378,"column":62}},"135":{"start":{"line":385,"column":4},"end":{"line":385,"column":59}},"136":{"start":{"line":385,"column":40},"end":{"line":385,"column":57}}},"fnMap":{"0":{"name":"(anonymous_0)","decl":{"start":{"line":21,"column":2},"end":{"line":21,"column":3}},"loc":{"start":{"line":21,"column":16},"end":{"line":26,"column":3}},"line":21},"1":{"name":"(anonymous_1)","decl":{"start":{"line":28,"column":2},"end":{"line":28,"column":3}},"loc":{"start":{"line":28,"column":40},"end":{"line":50,"column":3}},"line":28},"2":{"name":"(anonymous_2)","decl":{"start":{"line":52,"column":2},"end":{"line":52,"column":3}},"loc":{"start":{"line":52,"column":53},"end":{"line":69,"column":3}},"line":52},"3":{"name":"(anonymous_3)","decl":{"start":{"line":56,"column":8},"end":{"line":56,"column":9}},"loc":{"start":{"line":56,"column":25},"end":{"line":63,"column":9}},"line":56},"4":{"name":"(anonymous_4)","decl":{"start":{"line":57,"column":23},"end":{"line":57,"column":24}},"loc":{"start":{"line":57,"column":30},"end":{"line":62,"column":11}},"line":57},"5":{"name":"(anonymous_5)","decl":{"start":{"line":71,"column":2},"end":{"line":71,"column":3}},"loc":{"start":{"line":71,"column":56},"end":{"line":91,"column":3}},"line":71},"6":{"name":"(anonymous_6)","decl":{"start":{"line":93,"column":2},"end":{"line":93,"column":3}},"loc":{"start":{"line":93,"column":65},"end":{"line":115,"column":3}},"line":93},"7":{"name":"(anonymous_7)","decl":{"start":{"line":117,"column":2},"end":{"line":117,"column":3}},"loc":{"start":{"line":117,"column":41},"end":{"line":140,"column":3}},"line":117},"8":{"name":"(anonymous_8)","decl":{"start":{"line":118,"column":35},"end":{"line":118,"column":36}},"loc":{"start":{"line":118,"column":46},"end":{"line":137,"column":5}},"line":118},"9":{"name":"(anonymous_9)","decl":{"start":{"line":121,"column":20},"end":{"line":121,"column":21}},"loc":{"start":{"line":121,"column":34},"end":{"line":133,"column":7}},"line":121},"10":{"name":"(anonymous_10)","decl":{"start":{"line":137,"column":13},"end":{"line":137,"column":14}},"loc":{"start":{"line":137,"column":22},"end":{"line":139,"column":5}},"line":137},"11":{"name":"(anonymous_11)","decl":{"start":{"line":142,"column":2},"end":{"line":142,"column":3}},"loc":{"start":{"line":142,"column":70},"end":{"line":150,"column":3}},"line":142},"12":{"name":"(anonymous_12)","decl":{"start":{"line":143,"column":23},"end":{"line":143,"column":24}},"loc":{"start":{"line":143,"column":41},"end":{"line":149,"column":5}},"line":143},"13":{"name":"(anonymous_13)","decl":{"start":{"line":152,"column":2},"end":{"line":152,"column":3}},"loc":{"start":{"line":152,"column":33},"end":{"line":157,"column":3}},"line":152},"14":{"name":"(anonymous_14)","decl":{"start":{"line":153,"column":41},"end":{"line":153,"column":42}},"loc":{"start":{"line":153,"column":53},"end":{"line":156,"column":5}},"line":153},"15":{"name":"(anonymous_15)","decl":{"start":{"line":159,"column":2},"end":{"line":159,"column":3}},"loc":{"start":{"line":159,"column":48},"end":{"line":174,"column":3}},"line":159},"16":{"name":"(anonymous_16)","decl":{"start":{"line":166,"column":16},"end":{"line":166,"column":17}},"loc":{"start":{"line":166,"column":37},"end":{"line":170,"column":9}},"line":166},"17":{"name":"(anonymous_17)","decl":{"start":{"line":176,"column":2},"end":{"line":176,"column":3}},"loc":{"start":{"line":176,"column":39},"end":{"line":187,"column":3}},"line":176},"18":{"name":"(anonymous_18)","decl":{"start":{"line":180,"column":23},"end":{"line":180,"column":24}},"loc":{"start":{"line":180,"column":41},"end":{"line":186,"column":5}},"line":180},"19":{"name":"(anonymous_19)","decl":{"start":{"line":190,"column":2},"end":{"line":190,"column":3}},"loc":{"start":{"line":190,"column":35},"end":{"line":192,"column":3}},"line":190},"20":{"name":"(anonymous_20)","decl":{"start":{"line":194,"column":2},"end":{"line":194,"column":3}},"loc":{"start":{"line":194,"column":44},"end":{"line":201,"column":3}},"line":194},"21":{"name":"(anonymous_21)","decl":{"start":{"line":203,"column":2},"end":{"line":203,"column":3}},"loc":{"start":{"line":203,"column":58},"end":{"line":206,"column":3}},"line":203},"22":{"name":"(anonymous_22)","decl":{"start":{"line":208,"column":2},"end":{"line":208,"column":3}},"loc":{"start":{"line":208,"column":82},"end":{"line":212,"column":3}},"line":208},"23":{"name":"(anonymous_23)","decl":{"start":{"line":214,"column":2},"end":{"line":214,"column":3}},"loc":{"start":{"line":214,"column":83},"end":{"line":229,"column":3}},"line":214},"24":{"name":"(anonymous_24)","decl":{"start":{"line":231,"column":2},"end":{"line":231,"column":3}},"loc":{"start":{"line":231,"column":57},"end":{"line":240,"column":3}},"line":231},"25":{"name":"(anonymous_25)","decl":{"start":{"line":242,"column":2},"end":{"line":242,"column":3}},"loc":{"start":{"line":242,"column":55},"end":{"line":251,"column":3}},"line":242},"26":{"name":"(anonymous_26)","decl":{"start":{"line":254,"column":2},"end":{"line":254,"column":3}},"loc":{"start":{"line":254,"column":21},"end":{"line":256,"column":3}},"line":254},"27":{"name":"(anonymous_27)","decl":{"start":{"line":258,"column":2},"end":{"line":258,"column":3}},"loc":{"start":{"line":258,"column":30},"end":{"line":260,"column":3}},"line":258},"28":{"name":"(anonymous_28)","decl":{"start":{"line":259,"column":34},"end":{"line":259,"column":35}},"loc":{"start":{"line":259,"column":42},"end":{"line":259,"column":58}},"line":259},"29":{"name":"(anonymous_29)","decl":{"start":{"line":262,"column":2},"end":{"line":262,"column":3}},"loc":{"start":{"line":262,"column":48},"end":{"line":264,"column":3}},"line":262},"30":{"name":"(anonymous_30)","decl":{"start":{"line":266,"column":2},"end":{"line":266,"column":3}},"loc":{"start":{"line":266,"column":27},"end":{"line":268,"column":3}},"line":266},"31":{"name":"(anonymous_31)","decl":{"start":{"line":270,"column":2},"end":{"line":270,"column":3}},"loc":{"start":{"line":270,"column":29},"end":{"line":272,"column":3}},"line":270},"32":{"name":"(anonymous_32)","decl":{"start":{"line":274,"column":2},"end":{"line":274,"column":3}},"loc":{"start":{"line":278,"column":20},"end":{"line":298,"column":3}},"line":278},"33":{"name":"(anonymous_33)","decl":{"start":{"line":285,"column":16},"end":{"line":285,"column":17}},"loc":{"start":{"line":285,"column":37},"end":{"line":294,"column":9}},"line":285},"34":{"name":"(anonymous_34)","decl":{"start":{"line":300,"column":2},"end":{"line":300,"column":3}},"loc":{"start":{"line":300,"column":75},"end":{"line":316,"column":3}},"line":300},"35":{"name":"(anonymous_35)","decl":{"start":{"line":307,"column":16},"end":{"line":307,"column":17}},"loc":{"start":{"line":307,"column":37},"end":{"line":312,"column":9}},"line":307},"36":{"name":"(anonymous_36)","decl":{"start":{"line":318,"column":2},"end":{"line":318,"column":3}},"loc":{"start":{"line":318,"column":39},"end":{"line":343,"column":3}},"line":318},"37":{"name":"(anonymous_37)","decl":{"start":{"line":346,"column":2},"end":{"line":346,"column":3}},"loc":{"start":{"line":346,"column":38},"end":{"line":352,"column":3}},"line":346},"38":{"name":"(anonymous_38)","decl":{"start":{"line":354,"column":2},"end":{"line":354,"column":3}},"loc":{"start":{"line":354,"column":92},"end":{"line":359,"column":3}},"line":354},"39":{"name":"(anonymous_39)","decl":{"start":{"line":361,"column":2},"end":{"line":361,"column":3}},"loc":{"start":{"line":361,"column":93},"end":{"line":366,"column":3}},"line":361},"40":{"name":"(anonymous_40)","decl":{"start":{"line":368,"column":2},"end":{"line":368,"column":3}},"loc":{"start":{"line":371,"column":10},"end":{"line":382,"column":3}},"line":371},"41":{"name":"(anonymous_41)","decl":{"start":{"line":374,"column":29},"end":{"line":374,"column":30}},"loc":{"start":{"line":374,"column":41},"end":{"line":380,"column":7}},"line":374},"42":{"name":"(anonymous_42)","decl":{"start":{"line":384,"column":2},"end":{"line":384,"column":3}},"loc":{"start":{"line":384,"column":29},"end":{"line":386,"column":3}},"line":384},"43":{"name":"(anonymous_43)","decl":{"start":{"line":385,"column":27},"end":{"line":385,"column":28}},"loc":{"start":{"line":385,"column":40},"end":{"line":385,"column":57}},"line":385}},"branchMap":{"0":{"loc":{"start":{"line":29,"column":4},"end":{"line":31,"column":5}},"type":"if","locations":[{"start":{"line":29,"column":4},"end":{"line":31,"column":5}},{"start":{},"end":{}}],"line":29},"1":{"loc":{"start":{"line":59,"column":12},"end":{"line":61,"column":13}},"type":"if","locations":[{"start":{"line":59,"column":12},"end":{"line":61,"column":13}},{"start":{},"end":{}}],"line":59},"2":{"loc":{"start":{"line":109,"column":4},"end":{"line":114,"column":5}},"type":"if","locations":[{"start":{"line":109,"column":4},"end":{"line":114,"column":5}},{"start":{"line":112,"column":11},"end":{"line":114,"column":5}}],"line":109},"3":{"loc":{"start":{"line":122,"column":23},"end":{"line":122,"column":79}},"type":"binary-expr","locations":[{"start":{"line":122,"column":23},"end":{"line":122,"column":44}},{"start":{"line":122,"column":48},"end":{"line":122,"column":66}},{"start":{"line":122,"column":70},"end":{"line":122,"column":79}}],"line":122},"4":{"loc":{"start":{"line":126,"column":8},"end":{"line":132,"column":9}},"type":"if","locations":[{"start":{"line":126,"column":8},"end":{"line":132,"column":9}},{"start":{},"end":{}}],"line":126},"5":{"loc":{"start":{"line":126,"column":12},"end":{"line":126,"column":53}},"type":"binary-expr","locations":[{"start":{"line":126,"column":12},"end":{"line":126,"column":24}},{"start":{"line":126,"column":28},"end":{"line":126,"column":53}}],"line":126},"6":{"loc":{"start":{"line":129,"column":12},"end":{"line":129,"column":68}},"type":"binary-expr","locations":[{"start":{"line":129,"column":12},"end":{"line":129,"column":55}},{"start":{"line":129,"column":59},"end":{"line":129,"column":68}}],"line":129},"7":{"loc":{"start":{"line":144,"column":6},"end":{"line":148,"column":7}},"type":"if","locations":[{"start":{"line":144,"column":6},"end":{"line":148,"column":7}},{"start":{},"end":{}}],"line":144},"8":{"loc":{"start":{"line":144,"column":10},"end":{"line":144,"column":56}},"type":"binary-expr","locations":[{"start":{"line":144,"column":10},"end":{"line":144,"column":36}},{"start":{"line":144,"column":40},"end":{"line":144,"column":56}}],"line":144},"9":{"loc":{"start":{"line":167,"column":10},"end":{"line":169,"column":11}},"type":"if","locations":[{"start":{"line":167,"column":10},"end":{"line":169,"column":11}},{"start":{},"end":{}}],"line":167},"10":{"loc":{"start":{"line":181,"column":6},"end":{"line":185,"column":7}},"type":"if","locations":[{"start":{"line":181,"column":6},"end":{"line":185,"column":7}},{"start":{},"end":{}}],"line":181},"11":{"loc":{"start":{"line":215,"column":4},"end":{"line":228,"column":5}},"type":"switch","locations":[{"start":{"line":216,"column":6},"end":{"line":216,"column":23}},{"start":{"line":217,"column":6},"end":{"line":218,"column":27}},{"start":{"line":219,"column":6},"end":{"line":219,"column":25}},{"start":{"line":220,"column":6},"end":{"line":220,"column":21}},{"start":{"line":221,"column":6},"end":{"line":222,"column":22}},{"start":{"line":223,"column":6},"end":{"line":223,"column":23}},{"start":{"line":224,"column":6},"end":{"line":225,"column":23}},{"start":{"line":226,"column":6},"end":{"line":227,"column":22}}],"line":215},"12":{"loc":{"start":{"line":235,"column":16},"end":{"line":238,"column":19}},"type":"cond-expr","locations":[{"start":{"line":235,"column":36},"end":{"line":238,"column":7}},{"start":{"line":238,"column":10},"end":{"line":238,"column":19}}],"line":235},"13":{"loc":{"start":{"line":246,"column":16},"end":{"line":249,"column":19}},"type":"cond-expr","locations":[{"start":{"line":246,"column":32},"end":{"line":249,"column":7}},{"start":{"line":249,"column":10},"end":{"line":249,"column":19}}],"line":246},"14":{"loc":{"start":{"line":286,"column":10},"end":{"line":293,"column":11}},"type":"if","locations":[{"start":{"line":286,"column":10},"end":{"line":293,"column":11}},{"start":{},"end":{}}],"line":286},"15":{"loc":{"start":{"line":308,"column":10},"end":{"line":311,"column":11}},"type":"if","locations":[{"start":{"line":308,"column":10},"end":{"line":311,"column":11}},{"start":{},"end":{}}],"line":308},"16":{"loc":{"start":{"line":321,"column":6},"end":{"line":324,"column":7}},"type":"if","locations":[{"start":{"line":321,"column":6},"end":{"line":324,"column":7}},{"start":{},"end":{}}],"line":321},"17":{"loc":{"start":{"line":327,"column":6},"end":{"line":330,"column":7}},"type":"if","locations":[{"start":{"line":327,"column":6},"end":{"line":330,"column":7}},{"start":{},"end":{}}],"line":327},"18":{"loc":{"start":{"line":356,"column":4},"end":{"line":358,"column":5}},"type":"if","locations":[{"start":{"line":356,"column":4},"end":{"line":358,"column":5}},{"start":{},"end":{}}],"line":356},"19":{"loc":{"start":{"line":363,"column":4},"end":{"line":365,"column":5}},"type":"if","locations":[{"start":{"line":363,"column":4},"end":{"line":365,"column":5}},{"start":{},"end":{}}],"line":363},"20":{"loc":{"start":{"line":373,"column":4},"end":{"line":381,"column":5}},"type":"if","locations":[{"start":{"line":373,"column":4},"end":{"line":381,"column":5}},{"start":{},"end":{}}],"line":373}},"s":{"0":5,"1":5,"2":5,"3":5,"4":5,"5":5,"6":5,"7":5,"8":5,"9":5,"10":0,"11":5,"12":5,"13":5,"14":5,"15":5,"16":5,"17":5,"18":5,"19":5,"20":3,"21":3,"22":3,"23":3,"24":0,"25":0,"26":5,"27":5,"28":5,"29":0,"30":0,"31":3,"32":3,"33":3,"34":3,"35":3,"36":3,"37":3,"38":0,"39":5,"40":2,"41":2,"42":1,"43":1,"44":1,"45":1,"46":1,"47":1,"48":1,"49":2,"50":0,"51":2,"52":2,"53":1,"54":1,"55":1,"56":5,"57":4,"58":4,"59":4,"60":4,"61":4,"62":4,"63":4,"64":4,"65":0,"66":4,"67":4,"68":4,"69":3,"70":2,"71":2,"72":2,"73":5,"74":5,"75":3,"76":3,"77":3,"78":1,"79":0,"80":1,"81":0,"82":0,"83":5,"84":0,"85":1,"86":0,"87":0,"88":0,"89":2,"90":0,"91":1,"92":1,"93":1,"94":1,"95":1,"96":1,"97":0,"98":1,"99":1,"100":1,"101":1,"102":1,"103":1,"104":1,"105":0,"106":1,"107":1,"108":1,"109":1,"110":1,"111":1,"112":1,"113":1,"114":1,"115":1,"116":1,"117":0,"118":5,"119":5,"120":5,"121":5,"122":5,"123":4,"124":4,"125":4,"126":0,"127":0,"128":0,"129":7,"130":7,"131":7,"132":4,"133":4,"134":0,"135":1,"136":5},"f":{"0":5,"1":5,"2":5,"3":3,"4":3,"5":5,"6":3,"7":5,"8":2,"9":1,"10":0,"11":2,"12":2,"13":5,"14":4,"15":4,"16":4,"17":4,"18":3,"19":5,"20":5,"21":3,"22":3,"23":1,"24":5,"25":0,"26":1,"27":0,"28":0,"29":0,"30":2,"31":0,"32":1,"33":1,"34":1,"35":1,"36":1,"37":5,"38":4,"39":0,"40":7,"41":4,"42":1,"43":5},"b":{"0":[0,5],"1":[3,0],"2":[3,0],"3":[1,0,0],"4":[1,0],"5":[1,1],"6":[1,0],"7":[1,1],"8":[2,1],"9":[4,0],"10":[2,1],"11":[0,0,0,0,1,0,0,0],"12":[0,5],"13":[0,0],"14":[1,0],"15":[1,0],"16":[1,0],"17":[1,0],"18":[4,0],"19":[0,0],"20":[7,0]},"_coverageSchema":"1a1c01bbd47fc00a2c39e90264f33305004495a9","hash":"ae2d641bd1837005aecc0ca25e53a9deb0cd87ab"}
,"/Users/bespin-starter/DTAK-UI-MAPS/dTAK/ditto/services/SyncDeduplicationService.ts": {"path":"/Users/bespin-starter/DTAK-UI-MAPS/dTAK/ditto/services/SyncDeduplicationService.ts","statementMap":{"0":{"start":{"line":12,"column":34},"end":{"line":12,"column":48}},"1":{"start":{"line":13,"column":32},"end":{"line":13,"column":48}},"2":{"start":{"line":14,"column":43},"end":{"line":14,"column":52}},"3":{"start":{"line":15,"column":73},"end":{"line":15,"column":82}},"4":{"start":{"line":18,"column":4},"end":{"line":18,"column":51}},"5":{"start":{"line":19,"column":4},"end":{"line":19,"column":31}},"6":{"start":{"line":23,"column":4},"end":{"line":25,"column":5}},"7":{"start":{"line":24,"column":6},"end":{"line":24,"column":55}},"8":{"start":{"line":27,"column":4},"end":{"line":27,"column":40}},"9":{"start":{"line":28,"column":4},"end":{"line":28,"column":41}},"10":{"start":{"line":29,"column":4},"end":{"line":29,"column":58}},"11":{"start":{"line":33,"column":4},"end":{"line":47,"column":5}},"12":{"start":{"line":34,"column":6},"end":{"line":43,"column":8}},"13":{"start":{"line":38,"column":10},"end":{"line":41,"column":13}},"14":{"start":{"line":39,"column":27},"end":{"line":39,"column":58}},"15":{"start":{"line":40,"column":12},"end":{"line":40,"column":47}},"16":{"start":{"line":45,"column":6},"end":{"line":45,"column":67}},"17":{"start":{"line":46,"column":6},"end":{"line":46,"column":18}},"18":{"start":{"line":52,"column":4},"end":{"line":54,"column":14}},"19":{"start":{"line":53,"column":6},"end":{"line":53,"column":36}},"20":{"start":{"line":59,"column":27},"end":{"line":59,"column":61}},"21":{"start":{"line":60,"column":17},"end":{"line":60,"column":50}},"22":{"start":{"line":61,"column":4},"end":{"line":61,"column":33}},"23":{"start":{"line":66,"column":28},"end":{"line":66,"column":72}},"24":{"start":{"line":68,"column":4},"end":{"line":77,"column":5}},"25":{"start":{"line":69,"column":23},"end":{"line":72,"column":7}},"26":{"start":{"line":73,"column":6},"end":{"line":73,"column":31}},"27":{"start":{"line":75,"column":6},"end":{"line":75,"column":60}},"28":{"start":{"line":76,"column":6},"end":{"line":76,"column":19}},"29":{"start":{"line":86,"column":28},"end":{"line":86,"column":72}},"30":{"start":{"line":87,"column":17},"end":{"line":87,"column":40}},"31":{"start":{"line":89,"column":27},"end":{"line":89,"column":68}},"32":{"start":{"line":91,"column":4},"end":{"line":95,"column":5}},"33":{"start":{"line":93,"column":21},"end":{"line":93,"column":95}},"34":{"start":{"line":94,"column":6},"end":{"line":94,"column":42}},"35":{"start":{"line":98,"column":4},"end":{"line":102,"column":5}},"36":{"start":{"line":100,"column":6},"end":{"line":100,"column":66}},"37":{"start":{"line":101,"column":6},"end":{"line":101,"column":58}},"38":{"start":{"line":105,"column":27},"end":{"line":105,"column":82}},"39":{"start":{"line":106,"column":4},"end":{"line":106,"column":58}},"40":{"start":{"line":116,"column":31},"end":{"line":124,"column":5}},"41":{"start":{"line":126,"column":4},"end":{"line":130,"column":6}},"42":{"start":{"line":132,"column":4},"end":{"line":132,"column":39}},"43":{"start":{"line":133,"column":4},"end":{"line":133,"column":18}},"44":{"start":{"line":141,"column":23},"end":{"line":141,"column":68}},"45":{"start":{"line":143,"column":21},"end":{"line":150,"column":5}},"46":{"start":{"line":152,"column":4},"end":{"line":156,"column":6}},"47":{"start":{"line":159,"column":27},"end":{"line":159,"column":89}},"48":{"start":{"line":161,"column":4},"end":{"line":161,"column":44}},"49":{"start":{"line":162,"column":4},"end":{"line":162,"column":26}},"50":{"start":{"line":170,"column":21},"end":{"line":170,"column":80}},"51":{"start":{"line":172,"column":4},"end":{"line":181,"column":5}},"52":{"start":{"line":174,"column":8},"end":{"line":174,"column":83}},"53":{"start":{"line":176,"column":8},"end":{"line":176,"column":75}},"54":{"start":{"line":178,"column":8},"end":{"line":178,"column":86}},"55":{"start":{"line":180,"column":8},"end":{"line":180,"column":30}},"56":{"start":{"line":189,"column":30},"end":{"line":189,"column":97}},"57":{"start":{"line":189,"column":74},"end":{"line":189,"column":95}},"58":{"start":{"line":190,"column":25},"end":{"line":190,"column":54}},"59":{"start":{"line":192,"column":4},"end":{"line":210,"column":5}},"60":{"start":{"line":194,"column":28},"end":{"line":205,"column":7}},"61":{"start":{"line":207,"column":6},"end":{"line":207,"column":49}},"62":{"start":{"line":208,"column":6},"end":{"line":208,"column":51}},"63":{"start":{"line":209,"column":6},"end":{"line":209,"column":27}},"64":{"start":{"line":212,"column":4},"end":{"line":212,"column":26}},"65":{"start":{"line":221,"column":23},"end":{"line":221,"column":87}},"66":{"start":{"line":223,"column":26},"end":{"line":234,"column":5}},"67":{"start":{"line":236,"column":4},"end":{"line":236,"column":47}},"68":{"start":{"line":237,"column":4},"end":{"line":237,"column":49}},"69":{"start":{"line":238,"column":4},"end":{"line":238,"column":25}},"70":{"start":{"line":247,"column":26},"end":{"line":251,"column":5}},"71":{"start":{"line":253,"column":4},"end":{"line":253,"column":47}},"72":{"start":{"line":254,"column":4},"end":{"line":254,"column":25}},"73":{"start":{"line":258,"column":4},"end":{"line":273,"column":5}},"74":{"start":{"line":260,"column":8},"end":{"line":260,"column":23}},"75":{"start":{"line":262,"column":8},"end":{"line":268,"column":10}},"76":{"start":{"line":265,"column":59},"end":{"line":265,"column":72}},"77":{"start":{"line":270,"column":8},"end":{"line":270,"column":23}},"78":{"start":{"line":272,"column":8},"end":{"line":272,"column":23}},"79":{"start":{"line":277,"column":4},"end":{"line":288,"column":5}},"80":{"start":{"line":278,"column":24},"end":{"line":278,"column":90}},"81":{"start":{"line":280,"column":6},"end":{"line":285,"column":7}},"82":{"start":{"line":281,"column":8},"end":{"line":284,"column":9}},"83":{"start":{"line":283,"column":10},"end":{"line":283,"column":54}},"84":{"start":{"line":287,"column":6},"end":{"line":287,"column":58}},"85":{"start":{"line":293,"column":4},"end":{"line":293,"column":53}},"86":{"start":{"line":298,"column":4},"end":{"line":322,"column":5}},"87":{"start":{"line":300,"column":8},"end":{"line":305,"column":10}},"88":{"start":{"line":307,"column":8},"end":{"line":312,"column":10}},"89":{"start":{"line":314,"column":8},"end":{"line":319,"column":10}},"90":{"start":{"line":321,"column":8},"end":{"line":321,"column":20}},"91":{"start":{"line":326,"column":16},"end":{"line":326,"column":62}},"92":{"start":{"line":327,"column":4},"end":{"line":327,"column":32}},"93":{"start":{"line":331,"column":15},"end":{"line":331,"column":16}},"94":{"start":{"line":332,"column":4},"end":{"line":336,"column":5}},"95":{"start":{"line":332,"column":17},"end":{"line":332,"column":18}},"96":{"start":{"line":333,"column":19},"end":{"line":333,"column":36}},"97":{"start":{"line":334,"column":6},"end":{"line":334,"column":41}},"98":{"start":{"line":335,"column":6},"end":{"line":335,"column":25}},"99":{"start":{"line":337,"column":4},"end":{"line":337,"column":39}},"100":{"start":{"line":341,"column":4},"end":{"line":350,"column":5}},"101":{"start":{"line":343,"column":8},"end":{"line":343,"column":42}},"102":{"start":{"line":345,"column":8},"end":{"line":345,"column":43}},"103":{"start":{"line":347,"column":8},"end":{"line":347,"column":40}},"104":{"start":{"line":349,"column":8},"end":{"line":349,"column":25}},"105":{"start":{"line":354,"column":4},"end":{"line":363,"column":5}},"106":{"start":{"line":356,"column":8},"end":{"line":356,"column":33}},"107":{"start":{"line":358,"column":8},"end":{"line":358,"column":23}},"108":{"start":{"line":360,"column":8},"end":{"line":360,"column":33}},"109":{"start":{"line":362,"column":8},"end":{"line":362,"column":24}},"110":{"start":{"line":368,"column":4},"end":{"line":374,"column":5}},"111":{"start":{"line":369,"column":18},"end":{"line":369,"column":86}},"112":{"start":{"line":370,"column":6},"end":{"line":370,"column":58}},"113":{"start":{"line":372,"column":6},"end":{"line":372,"column":57}},"114":{"start":{"line":373,"column":6},"end":{"line":373,"column":18}},"115":{"start":{"line":378,"column":4},"end":{"line":382,"column":6}},"116":{"start":{"line":386,"column":18},"end":{"line":386,"column":52}},"117":{"start":{"line":387,"column":23},"end":{"line":387,"column":67}},"118":{"start":{"line":389,"column":6},"end":{"line":398,"column":9}},"119":{"start":{"line":392,"column":8},"end":{"line":397,"column":9}},"120":{"start":{"line":393,"column":30},"end":{"line":393,"column":54}},"121":{"start":{"line":394,"column":33},"end":{"line":394,"column":95}},"122":{"start":{"line":395,"column":10},"end":{"line":395,"column":63}},"123":{"start":{"line":396,"column":10},"end":{"line":396,"column":42}},"124":{"start":{"line":402,"column":4},"end":{"line":410,"column":6}},"125":{"start":{"line":414,"column":4},"end":{"line":422,"column":6}},"126":{"start":{"line":426,"column":4},"end":{"line":429,"column":6}},"127":{"start":{"line":433,"column":4},"end":{"line":436,"column":6}},"128":{"start":{"line":440,"column":4},"end":{"line":440,"column":27}},"129":{"start":{"line":441,"column":4},"end":{"line":441,"column":30}},"130":{"start":{"line":442,"column":4},"end":{"line":442,"column":55}},"131":{"start":{"line":447,"column":4},"end":{"line":447,"column":51}},"132":{"start":{"line":448,"column":4},"end":{"line":448,"column":54}},"133":{"start":{"line":449,"column":4},"end":{"line":449,"column":54}},"134":{"start":{"line":453,"column":27},"end":{"line":453,"column":52}},"135":{"start":{"line":454,"column":4},"end":{"line":456,"column":5}},"136":{"start":{"line":455,"column":6},"end":{"line":455,"column":47}},"137":{"start":{"line":460,"column":27},"end":{"line":460,"column":52}},"138":{"start":{"line":461,"column":4},"end":{"line":463,"column":5}},"139":{"start":{"line":462,"column":6},"end":{"line":462,"column":50}},"140":{"start":{"line":470,"column":27},"end":{"line":470,"column":52}},"141":{"start":{"line":471,"column":4},"end":{"line":479,"column":5}},"142":{"start":{"line":472,"column":6},"end":{"line":478,"column":9}},"143":{"start":{"line":473,"column":8},"end":{"line":477,"column":9}},"144":{"start":{"line":474,"column":10},"end":{"line":474,"column":42}},"145":{"start":{"line":476,"column":10},"end":{"line":476,"column":62}},"146":{"start":{"line":483,"column":4},"end":{"line":483,"column":59}},"147":{"start":{"line":483,"column":40},"end":{"line":483,"column":57}}},"fnMap":{"0":{"name":"(anonymous_0)","decl":{"start":{"line":17,"column":2},"end":{"line":17,"column":3}},"loc":{"start":{"line":17,"column":16},"end":{"line":20,"column":3}},"line":17},"1":{"name":"(anonymous_1)","decl":{"start":{"line":22,"column":2},"end":{"line":22,"column":3}},"loc":{"start":{"line":22,"column":36},"end":{"line":30,"column":3}},"line":22},"2":{"name":"(anonymous_2)","decl":{"start":{"line":32,"column":2},"end":{"line":32,"column":3}},"loc":{"start":{"line":32,"column":56},"end":{"line":48,"column":3}},"line":32},"3":{"name":"(anonymous_3)","decl":{"start":{"line":36,"column":8},"end":{"line":36,"column":9}},"loc":{"start":{"line":36,"column":25},"end":{"line":42,"column":9}},"line":36},"4":{"name":"(anonymous_4)","decl":{"start":{"line":38,"column":23},"end":{"line":38,"column":24}},"loc":{"start":{"line":38,"column":30},"end":{"line":41,"column":11}},"line":38},"5":{"name":"(anonymous_5)","decl":{"start":{"line":50,"column":2},"end":{"line":50,"column":3}},"loc":{"start":{"line":50,"column":57},"end":{"line":55,"column":3}},"line":50},"6":{"name":"(anonymous_6)","decl":{"start":{"line":52,"column":16},"end":{"line":52,"column":17}},"loc":{"start":{"line":52,"column":28},"end":{"line":54,"column":5}},"line":52},"7":{"name":"(anonymous_7)","decl":{"start":{"line":58,"column":2},"end":{"line":58,"column":3}},"loc":{"start":{"line":58,"column":63},"end":{"line":62,"column":3}},"line":58},"8":{"name":"(anonymous_8)","decl":{"start":{"line":65,"column":2},"end":{"line":65,"column":3}},"loc":{"start":{"line":65,"column":67},"end":{"line":78,"column":3}},"line":65},"9":{"name":"(anonymous_9)","decl":{"start":{"line":81,"column":2},"end":{"line":81,"column":3}},"loc":{"start":{"line":85,"column":80},"end":{"line":107,"column":3}},"line":85},"10":{"name":"(anonymous_10)","decl":{"start":{"line":109,"column":2},"end":{"line":109,"column":3}},"loc":{"start":{"line":115,"column":25},"end":{"line":134,"column":3}},"line":115},"11":{"name":"(anonymous_11)","decl":{"start":{"line":136,"column":2},"end":{"line":136,"column":3}},"loc":{"start":{"line":140,"column":25},"end":{"line":163,"column":3}},"line":140},"12":{"name":"(anonymous_12)","decl":{"start":{"line":165,"column":2},"end":{"line":165,"column":3}},"loc":{"start":{"line":169,"column":25},"end":{"line":182,"column":3}},"line":169},"13":{"name":"(anonymous_13)","decl":{"start":{"line":184,"column":2},"end":{"line":184,"column":3}},"loc":{"start":{"line":188,"column":25},"end":{"line":213,"column":3}},"line":188},"14":{"name":"(anonymous_14)","decl":{"start":{"line":189,"column":69},"end":{"line":189,"column":70}},"loc":{"start":{"line":189,"column":74},"end":{"line":189,"column":95}},"line":189},"15":{"name":"(anonymous_15)","decl":{"start":{"line":215,"column":2},"end":{"line":215,"column":3}},"loc":{"start":{"line":219,"column":25},"end":{"line":239,"column":3}},"line":219},"16":{"name":"(anonymous_16)","decl":{"start":{"line":241,"column":2},"end":{"line":241,"column":3}},"loc":{"start":{"line":245,"column":25},"end":{"line":255,"column":3}},"line":245},"17":{"name":"(anonymous_17)","decl":{"start":{"line":257,"column":2},"end":{"line":257,"column":3}},"loc":{"start":{"line":257,"column":85},"end":{"line":274,"column":3}},"line":257},"18":{"name":"(anonymous_18)","decl":{"start":{"line":265,"column":43},"end":{"line":265,"column":44}},"loc":{"start":{"line":265,"column":59},"end":{"line":265,"column":72}},"line":265},"19":{"name":"(anonymous_19)","decl":{"start":{"line":276,"column":2},"end":{"line":276,"column":3}},"loc":{"start":{"line":276,"column":50},"end":{"line":289,"column":3}},"line":276},"20":{"name":"(anonymous_20)","decl":{"start":{"line":291,"column":2},"end":{"line":291,"column":3}},"loc":{"start":{"line":291,"column":71},"end":{"line":294,"column":3}},"line":291},"21":{"name":"(anonymous_21)","decl":{"start":{"line":297,"column":2},"end":{"line":297,"column":3}},"loc":{"start":{"line":297,"column":58},"end":{"line":323,"column":3}},"line":297},"22":{"name":"(anonymous_22)","decl":{"start":{"line":325,"column":2},"end":{"line":325,"column":3}},"loc":{"start":{"line":325,"column":42},"end":{"line":328,"column":3}},"line":325},"23":{"name":"(anonymous_23)","decl":{"start":{"line":330,"column":2},"end":{"line":330,"column":3}},"loc":{"start":{"line":330,"column":42},"end":{"line":338,"column":3}},"line":330},"24":{"name":"(anonymous_24)","decl":{"start":{"line":340,"column":2},"end":{"line":340,"column":3}},"loc":{"start":{"line":340,"column":63},"end":{"line":351,"column":3}},"line":340},"25":{"name":"(anonymous_25)","decl":{"start":{"line":353,"column":2},"end":{"line":353,"column":3}},"loc":{"start":{"line":353,"column":98},"end":{"line":364,"column":3}},"line":353},"26":{"name":"(anonymous_26)","decl":{"start":{"line":367,"column":2},"end":{"line":367,"column":3}},"loc":{"start":{"line":367,"column":70},"end":{"line":375,"column":3}},"line":367},"27":{"name":"(anonymous_27)","decl":{"start":{"line":377,"column":2},"end":{"line":377,"column":3}},"loc":{"start":{"line":377,"column":68},"end":{"line":383,"column":3}},"line":377},"28":{"name":"(anonymous_28)","decl":{"start":{"line":385,"column":2},"end":{"line":385,"column":3}},"loc":{"start":{"line":385,"column":90},"end":{"line":399,"column":3}},"line":385},"29":{"name":"(anonymous_29)","decl":{"start":{"line":391,"column":14},"end":{"line":391,"column":15}},"loc":{"start":{"line":391,"column":35},"end":{"line":398,"column":7}},"line":391},"30":{"name":"(anonymous_30)","decl":{"start":{"line":401,"column":2},"end":{"line":401,"column":3}},"loc":{"start":{"line":401,"column":55},"end":{"line":411,"column":3}},"line":401},"31":{"name":"(anonymous_31)","decl":{"start":{"line":413,"column":2},"end":{"line":413,"column":3}},"loc":{"start":{"line":413,"column":55},"end":{"line":423,"column":3}},"line":413},"32":{"name":"(anonymous_32)","decl":{"start":{"line":425,"column":2},"end":{"line":425,"column":3}},"loc":{"start":{"line":425,"column":51},"end":{"line":430,"column":3}},"line":425},"33":{"name":"(anonymous_33)","decl":{"start":{"line":432,"column":2},"end":{"line":432,"column":3}},"loc":{"start":{"line":432,"column":51},"end":{"line":437,"column":3}},"line":432},"34":{"name":"(anonymous_34)","decl":{"start":{"line":439,"column":2},"end":{"line":439,"column":3}},"loc":{"start":{"line":439,"column":34},"end":{"line":443,"column":3}},"line":439},"35":{"name":"(anonymous_35)","decl":{"start":{"line":446,"column":2},"end":{"line":446,"column":3}},"loc":{"start":{"line":446,"column":38},"end":{"line":450,"column":3}},"line":446},"36":{"name":"(anonymous_36)","decl":{"start":{"line":452,"column":2},"end":{"line":452,"column":3}},"loc":{"start":{"line":452,"column":100},"end":{"line":457,"column":3}},"line":452},"37":{"name":"(anonymous_37)","decl":{"start":{"line":459,"column":2},"end":{"line":459,"column":3}},"loc":{"start":{"line":459,"column":101},"end":{"line":464,"column":3}},"line":459},"38":{"name":"(anonymous_38)","decl":{"start":{"line":466,"column":2},"end":{"line":466,"column":3}},"loc":{"start":{"line":469,"column":10},"end":{"line":480,"column":3}},"line":469},"39":{"name":"(anonymous_39)","decl":{"start":{"line":472,"column":29},"end":{"line":472,"column":30}},"loc":{"start":{"line":472,"column":41},"end":{"line":478,"column":7}},"line":472},"40":{"name":"(anonymous_40)","decl":{"start":{"line":482,"column":2},"end":{"line":482,"column":3}},"loc":{"start":{"line":482,"column":29},"end":{"line":484,"column":3}},"line":482},"41":{"name":"(anonymous_41)","decl":{"start":{"line":483,"column":27},"end":{"line":483,"column":28}},"loc":{"start":{"line":483,"column":40},"end":{"line":483,"column":57}},"line":483}},"branchMap":{"0":{"loc":{"start":{"line":23,"column":4},"end":{"line":25,"column":5}},"type":"if","locations":[{"start":{"line":23,"column":4},"end":{"line":25,"column":5}},{"start":{},"end":{}}],"line":23},"1":{"loc":{"start":{"line":91,"column":4},"end":{"line":95,"column":5}},"type":"if","locations":[{"start":{"line":91,"column":4},"end":{"line":95,"column":5}},{"start":{},"end":{}}],"line":91},"2":{"loc":{"start":{"line":98,"column":4},"end":{"line":102,"column":5}},"type":"if","locations":[{"start":{"line":98,"column":4},"end":{"line":102,"column":5}},{"start":{},"end":{}}],"line":98},"3":{"loc":{"start":{"line":172,"column":4},"end":{"line":181,"column":5}},"type":"switch","locations":[{"start":{"line":173,"column":6},"end":{"line":174,"column":83}},{"start":{"line":175,"column":6},"end":{"line":176,"column":75}},{"start":{"line":177,"column":6},"end":{"line":178,"column":86}},{"start":{"line":179,"column":6},"end":{"line":180,"column":30}}],"line":172},"4":{"loc":{"start":{"line":192,"column":4},"end":{"line":210,"column":5}},"type":"if","locations":[{"start":{"line":192,"column":4},"end":{"line":210,"column":5}},{"start":{},"end":{}}],"line":192},"5":{"loc":{"start":{"line":258,"column":4},"end":{"line":273,"column":5}},"type":"switch","locations":[{"start":{"line":259,"column":6},"end":{"line":260,"column":23}},{"start":{"line":261,"column":6},"end":{"line":268,"column":10}},{"start":{"line":269,"column":6},"end":{"line":270,"column":23}},{"start":{"line":271,"column":6},"end":{"line":272,"column":23}}],"line":258},"6":{"loc":{"start":{"line":281,"column":8},"end":{"line":284,"column":9}},"type":"if","locations":[{"start":{"line":281,"column":8},"end":{"line":284,"column":9}},{"start":{},"end":{}}],"line":281},"7":{"loc":{"start":{"line":298,"column":4},"end":{"line":322,"column":5}},"type":"switch","locations":[{"start":{"line":299,"column":6},"end":{"line":305,"column":10}},{"start":{"line":306,"column":6},"end":{"line":312,"column":10}},{"start":{"line":313,"column":6},"end":{"line":319,"column":10}},{"start":{"line":320,"column":6},"end":{"line":321,"column":20}}],"line":298},"8":{"loc":{"start":{"line":341,"column":4},"end":{"line":350,"column":5}},"type":"switch","locations":[{"start":{"line":342,"column":6},"end":{"line":343,"column":42}},{"start":{"line":344,"column":6},"end":{"line":345,"column":43}},{"start":{"line":346,"column":6},"end":{"line":347,"column":40}},{"start":{"line":348,"column":6},"end":{"line":349,"column":25}}],"line":341},"9":{"loc":{"start":{"line":343,"column":15},"end":{"line":343,"column":41}},"type":"binary-expr","locations":[{"start":{"line":343,"column":15},"end":{"line":343,"column":28}},{"start":{"line":343,"column":32},"end":{"line":343,"column":41}}],"line":343},"10":{"loc":{"start":{"line":345,"column":15},"end":{"line":345,"column":42}},"type":"binary-expr","locations":[{"start":{"line":345,"column":15},"end":{"line":345,"column":29}},{"start":{"line":345,"column":33},"end":{"line":345,"column":42}}],"line":345},"11":{"loc":{"start":{"line":347,"column":15},"end":{"line":347,"column":39}},"type":"binary-expr","locations":[{"start":{"line":347,"column":15},"end":{"line":347,"column":26}},{"start":{"line":347,"column":30},"end":{"line":347,"column":39}}],"line":347},"12":{"loc":{"start":{"line":354,"column":4},"end":{"line":363,"column":5}},"type":"switch","locations":[{"start":{"line":355,"column":6},"end":{"line":356,"column":33}},{"start":{"line":357,"column":6},"end":{"line":358,"column":23}},{"start":{"line":359,"column":6},"end":{"line":360,"column":33}},{"start":{"line":361,"column":6},"end":{"line":362,"column":24}}],"line":354},"13":{"loc":{"start":{"line":370,"column":13},"end":{"line":370,"column":57}},"type":"cond-expr","locations":[{"start":{"line":370,"column":19},"end":{"line":370,"column":50}},{"start":{"line":370,"column":53},"end":{"line":370,"column":57}}],"line":370},"14":{"loc":{"start":{"line":392,"column":8},"end":{"line":397,"column":9}},"type":"if","locations":[{"start":{"line":392,"column":8},"end":{"line":397,"column":9}},{"start":{},"end":{}}],"line":392},"15":{"loc":{"start":{"line":394,"column":33},"end":{"line":394,"column":95}},"type":"cond-expr","locations":[{"start":{"line":394,"column":68},"end":{"line":394,"column":90}},{"start":{"line":394,"column":93},"end":{"line":394,"column":95}}],"line":394},"16":{"loc":{"start":{"line":406,"column":26},"end":{"line":409,"column":19}},"type":"cond-expr","locations":[{"start":{"line":406,"column":54},"end":{"line":409,"column":7}},{"start":{"line":409,"column":10},"end":{"line":409,"column":19}}],"line":406},"17":{"loc":{"start":{"line":418,"column":26},"end":{"line":421,"column":19}},"type":"cond-expr","locations":[{"start":{"line":418,"column":52},"end":{"line":421,"column":7}},{"start":{"line":421,"column":10},"end":{"line":421,"column":19}}],"line":418},"18":{"loc":{"start":{"line":454,"column":4},"end":{"line":456,"column":5}},"type":"if","locations":[{"start":{"line":454,"column":4},"end":{"line":456,"column":5}},{"start":{},"end":{}}],"line":454},"19":{"loc":{"start":{"line":461,"column":4},"end":{"line":463,"column":5}},"type":"if","locations":[{"start":{"line":461,"column":4},"end":{"line":463,"column":5}},{"start":{},"end":{}}],"line":461},"20":{"loc":{"start":{"line":471,"column":4},"end":{"line":479,"column":5}},"type":"if","locations":[{"start":{"line":471,"column":4},"end":{"line":479,"column":5}},{"start":{},"end":{}}],"line":471}},"s":{"0":7,"1":7,"2":7,"3":7,"4":7,"5":7,"6":0,"7":0,"8":0,"9":0,"10":0,"11":0,"12":0,"13":0,"14":0,"15":0,"16":0,"17":0,"18":0,"19":0,"20":5,"21":5,"22":5,"23":2,"24":2,"25":2,"26":2,"27":0,"28":0,"29":3,"30":3,"31":3,"32":3,"33":1,"34":1,"35":2,"36":1,"37":1,"38":1,"39":1,"40":1,"41":1,"42":1,"43":1,"44":1,"45":1,"46":1,"47":1,"48":1,"49":1,"50":1,"51":1,"52":1,"53":0,"54":0,"55":0,"56":1,"57":1,"58":1,"59":1,"60":1,"61":1,"62":1,"63":1,"64":0,"65":0,"66":0,"67":0,"68":0,"69":0,"70":0,"71":0,"72":0,"73":0,"74":0,"75":0,"76":0,"77":0,"78":0,"79":1,"80":1,"81":1,"82":2,"83":1,"84":0,"85":1,"86":5,"87":5,"88":0,"89":0,"90":0,"91":7,"92":7,"93":7,"94":7,"95":7,"96":548,"97":548,"98":548,"99":7,"100":1,"101":1,"102":0,"103":0,"104":0,"105":1,"106":1,"107":0,"108":0,"109":0,"110":3,"111":3,"112":3,"113":0,"114":0,"115":1,"116":1,"117":1,"118":1,"119":1,"120":1,"121":1,"122":1,"123":1,"124":2,"125":2,"126":4,"127":2,"128":0,"129":0,"130":0,"131":7,"132":7,"133":7,"134":3,"135":3,"136":3,"137":0,"138":0,"139":0,"140":3,"141":3,"142":3,"143":3,"144":3,"145":0,"146":0,"147":0},"f":{"0":7,"1":0,"2":0,"3":0,"4":0,"5":0,"6":0,"7":5,"8":2,"9":3,"10":1,"11":1,"12":1,"13":1,"14":1,"15":0,"16":0,"17":0,"18":0,"19":1,"20":1,"21":5,"22":7,"23":7,"24":1,"25":1,"26":3,"27":1,"28":1,"29":1,"30":2,"31":2,"32":4,"33":2,"34":0,"35":7,"36":3,"37":0,"38":3,"39":3,"40":0,"41":0},"b":{"0":[0,0],"1":[1,2],"2":[1,1],"3":[1,0,0,0],"4":[1,0],"5":[0,0,0,0],"6":[1,1],"7":[5,0,0,0],"8":[1,0,0,0],"9":[1,0],"10":[0,0],"11":[0,0],"12":[1,0,0,0],"13":[2,1],"14":[1,0],"15":[1,0],"16":[1,1],"17":[0,2],"18":[3,0],"19":[0,0],"20":[3,0]},"_coverageSchema":"1a1c01bbd47fc00a2c39e90264f33305004495a9","hash":"936350da271da9ec2c999c8c97e7c6e31a09d1bf"}
}
