TN:
SF:ditto/config/DittoConfig.ts
FN:25,(anonymous_0)
FN:40,(anonymous_1)
FNF:2
FNH:2
FNDA:2,(anonymous_0)
FNDA:2,(anonymous_1)
DA:5,2
DA:15,2
DA:25,2
DA:26,2
DA:27,0
DA:30,2
DA:31,0
DA:34,2
DA:35,2
DA:40,2
DA:41,2
DA:42,2
DA:43,2
DA:44,2
LF:14
LH:12
BRDA:6,0,0,2
BRDA:6,0,1,1
BRDA:7,1,0,2
BRDA:7,1,1,1
BRDA:11,2,0,2
BRDA:11,2,1,2
BRDA:16,3,0,2
BRDA:16,3,1,1
BRDA:16,3,2,0
BRDA:26,4,0,0
BRDA:26,4,1,2
BRDA:30,5,0,0
BRDA:30,5,1,2
BRDA:30,6,0,2
BRDA:30,6,1,1
BRDA:34,7,0,2
BRDA:34,7,1,0
BRDA:42,8,0,1
BRDA:42,8,1,1
BRF:19
BRH:15
end_of_record
TN:
SF:ditto/services/MessagingService.ts
FN:28,(anonymous_0)
FN:34,(anonymous_1)
FN:46,(anonymous_2)
FN:50,(anonymous_3)
FN:51,(anonymous_4)
FN:69,(anonymous_5)
FN:73,(anonymous_6)
FN:74,(anonymous_7)
FN:93,(anonymous_8)
FN:119,(anonymous_9)
FN:145,(anonymous_10)
FN:175,(anonymous_11)
FN:196,(anonymous_12)
FN:220,(anonymous_13)
FN:246,(anonymous_14)
FN:274,(anonymous_15)
FN:293,(anonymous_16)
FN:303,(anonymous_17)
FN:306,(anonymous_18)
FN:341,(anonymous_19)
FN:349,(anonymous_20)
FN:356,(anonymous_21)
FN:369,(anonymous_22)
FN:377,(anonymous_23)
FN:379,(anonymous_24)
FN:384,(anonymous_25)
FN:386,(anonymous_26)
FN:393,(anonymous_27)
FN:406,(anonymous_28)
FN:410,(anonymous_29)
FN:411,(anonymous_30)
FN:419,(anonymous_31)
FN:422,(anonymous_32)
FN:427,(anonymous_33)
FN:430,(anonymous_34)
FN:433,(anonymous_35)
FN:438,(anonymous_36)
FN:441,(anonymous_37)
FN:444,(anonymous_38)
FN:445,(anonymous_39)
FN:449,(anonymous_40)
FN:454,(anonymous_41)
FN:461,(anonymous_42)
FN:466,(anonymous_43)
FN:473,(anonymous_44)
FN:477,(anonymous_45)
FN:481,(anonymous_46)
FN:486,(anonymous_47)
FN:490,(anonymous_48)
FN:494,(anonymous_49)
FN:497,(anonymous_50)
FN:519,(anonymous_51)
FN:531,(anonymous_52)
FN:538,(anonymous_53)
FN:545,(anonymous_54)
FN:551,(anonymous_55)
FN:561,(anonymous_56)
FN:562,(anonymous_57)
FNF:58
FNH:49
FNDA:14,(anonymous_0)
FNDA:14,(anonymous_1)
FNDA:14,(anonymous_2)
FNDA:1,(anonymous_3)
FNDA:1,(anonymous_4)
FNDA:14,(anonymous_5)
FNDA:1,(anonymous_6)
FNDA:1,(anonymous_7)
FNDA:4,(anonymous_8)
FNDA:1,(anonymous_9)
FNDA:1,(anonymous_10)
FNDA:1,(anonymous_11)
FNDA:13,(anonymous_12)
FNDA:1,(anonymous_13)
FNDA:2,(anonymous_14)
FNDA:1,(anonymous_15)
FNDA:1,(anonymous_16)
FNDA:1,(anonymous_17)
FNDA:0,(anonymous_18)
FNDA:14,(anonymous_19)
FNDA:6,(anonymous_20)
FNDA:6,(anonymous_21)
FNDA:1,(anonymous_22)
FNDA:14,(anonymous_23)
FNDA:0,(anonymous_24)
FNDA:0,(anonymous_25)
FNDA:0,(anonymous_26)
FNDA:2,(anonymous_27)
FNDA:4,(anonymous_28)
FNDA:13,(anonymous_29)
FNDA:15,(anonymous_30)
FNDA:1,(anonymous_31)
FNDA:3,(anonymous_32)
FNDA:1,(anonymous_33)
FNDA:1,(anonymous_34)
FNDA:4,(anonymous_35)
FNDA:1,(anonymous_36)
FNDA:1,(anonymous_37)
FNDA:3,(anonymous_38)
FNDA:1,(anonymous_39)
FNDA:13,(anonymous_40)
FNDA:0,(anonymous_41)
FNDA:14,(anonymous_42)
FNDA:0,(anonymous_43)
FNDA:10,(anonymous_44)
FNDA:13,(anonymous_45)
FNDA:10,(anonymous_46)
FNDA:0,(anonymous_47)
FNDA:0,(anonymous_48)
FNDA:1,(anonymous_49)
FNDA:1,(anonymous_50)
FNDA:14,(anonymous_51)
FNDA:3,(anonymous_52)
FNDA:0,(anonymous_53)
FNDA:17,(anonymous_54)
FNDA:4,(anonymous_55)
FNDA:1,(anonymous_56)
FNDA:9,(anonymous_57)
DA:18,14
DA:19,14
DA:21,14
DA:22,14
DA:23,14
DA:24,14
DA:25,14
DA:26,14
DA:29,14
DA:30,14
DA:31,14
DA:35,14
DA:36,0
DA:39,14
DA:40,14
DA:41,14
DA:43,14
DA:47,14
DA:48,14
DA:51,1
DA:52,1
DA:53,1
DA:54,1
DA:55,1
DA:58,0
DA:64,0
DA:65,0
DA:70,14
DA:71,14
DA:74,1
DA:75,1
DA:76,1
DA:77,1
DA:78,1
DA:81,0
DA:87,0
DA:88,0
DA:99,4
DA:114,4
DA:115,4
DA:127,1
DA:140,1
DA:141,1
DA:154,1
DA:170,1
DA:171,1
DA:179,1
DA:192,1
DA:193,1
DA:197,13
DA:199,13
DA:206,13
DA:207,13
DA:210,13
DA:212,13
DA:214,0
DA:215,0
DA:216,0
DA:222,1
DA:225,1
DA:228,1
DA:230,1
DA:231,1
DA:233,0
DA:234,0
DA:236,0
DA:237,0
DA:239,0
DA:240,0
DA:243,1
DA:251,2
DA:261,2
DA:262,2
DA:268,2
DA:270,0
DA:275,1
DA:278,1
DA:286,1
DA:287,1
DA:290,1
DA:297,1
DA:298,1
DA:299,1
DA:301,1
DA:304,1
DA:305,1
DA:306,1
DA:307,0
DA:310,1
DA:311,0
DA:312,0
DA:316,1
DA:317,1
DA:323,1
DA:327,1
DA:328,1
DA:330,1
DA:331,1
DA:336,0
DA:342,14
DA:343,1
DA:344,1
DA:345,1
DA:348,13
DA:349,13
DA:350,6
DA:353,13
DA:357,6
DA:358,6
DA:360,6
DA:361,6
DA:362,6
DA:364,0
DA:365,0
DA:370,1
DA:371,1
DA:372,0
DA:373,0
DA:379,14
DA:380,0
DA:386,0
DA:394,2
DA:395,2
DA:397,2
DA:398,1
DA:401,0
DA:407,4
DA:408,4
DA:409,4
DA:410,13
DA:411,15
DA:414,0
DA:415,0
DA:420,1
DA:421,1
DA:423,3
DA:424,3
DA:425,0
DA:427,1
DA:431,1
DA:432,1
DA:434,4
DA:435,3
DA:436,0
DA:438,1
DA:442,1
DA:443,1
DA:444,3
DA:445,1
DA:450,13
DA:454,0
DA:462,14
DA:466,0
DA:474,10
DA:478,13
DA:482,10
DA:487,0
DA:491,0
DA:495,1
DA:497,1
DA:498,1
DA:501,1
DA:502,1
DA:503,1
DA:506,1
DA:507,1
DA:508,1
DA:511,1
DA:512,1
DA:514,0
DA:520,14
DA:521,14
DA:522,14
DA:523,14
DA:524,14
DA:525,14
DA:526,14
DA:527,14
DA:528,14
DA:532,3
DA:533,3
DA:534,3
DA:539,0
DA:540,0
DA:541,0
DA:549,17
DA:550,17
DA:551,17
DA:552,4
DA:553,4
DA:555,0
DA:562,9
LF:192
LH:151
BRDA:35,0,0,0
BRDA:35,0,1,14
BRDA:54,1,0,1
BRDA:54,1,1,0
BRDA:77,2,0,1
BRDA:77,2,1,0
BRDA:77,3,0,1
BRDA:77,3,1,1
BRDA:228,4,0,1
BRDA:228,4,1,0
BRDA:228,4,2,0
BRDA:228,4,3,0
BRDA:286,5,0,1
BRDA:286,5,1,0
BRDA:304,6,0,1
BRDA:304,6,1,0
BRDA:310,7,0,0
BRDA:310,7,1,1
BRDA:310,8,0,1
BRDA:310,8,1,1
BRDA:316,9,0,1
BRDA:316,9,1,0
BRDA:330,10,0,1
BRDA:330,10,1,0
BRDA:342,11,0,1
BRDA:342,11,1,13
BRDA:348,12,0,13
BRDA:348,12,1,0
BRDA:371,13,0,0
BRDA:371,13,1,1
BRDA:397,14,0,1
BRDA:397,14,1,1
BRDA:397,15,0,2
BRDA:397,15,1,2
BRDA:406,16,0,3
BRDA:406,17,0,3
BRDA:423,18,0,0
BRDA:423,18,1,3
BRDA:424,19,0,3
BRDA:424,19,1,0
BRDA:434,20,0,1
BRDA:434,20,1,3
BRDA:435,21,0,3
BRDA:435,21,1,0
BRDA:465,22,0,0
BRDA:465,22,1,14
BRDA:466,23,0,14
BRDA:466,23,1,0
BRDA:501,24,0,1
BRDA:501,24,1,0
BRDA:506,25,0,1
BRDA:506,25,1,0
BRDA:533,26,0,3
BRDA:533,26,1,0
BRDA:540,27,0,0
BRDA:540,27,1,0
BRDA:550,28,0,17
BRDA:550,28,1,0
BRF:58
BRH:34
end_of_record
TN:
SF:ditto/services/PeerDiscoveryService.ts
FN:21,(anonymous_0)
FN:28,(anonymous_1)
FN:52,(anonymous_2)
FN:56,(anonymous_3)
FN:57,(anonymous_4)
FN:71,(anonymous_5)
FN:93,(anonymous_6)
FN:117,(anonymous_7)
FN:118,(anonymous_8)
FN:121,(anonymous_9)
FN:137,(anonymous_10)
FN:142,(anonymous_11)
FN:143,(anonymous_12)
FN:152,(anonymous_13)
FN:153,(anonymous_14)
FN:159,(anonymous_15)
FN:166,(anonymous_16)
FN:176,(anonymous_17)
FN:180,(anonymous_18)
FN:190,(anonymous_19)
FN:194,(anonymous_20)
FN:203,(anonymous_21)
FN:208,(anonymous_22)
FN:214,(anonymous_23)
FN:231,(anonymous_24)
FN:242,(anonymous_25)
FN:254,(anonymous_26)
FN:258,(anonymous_27)
FN:259,(anonymous_28)
FN:262,(anonymous_29)
FN:266,(anonymous_30)
FN:270,(anonymous_31)
FN:274,(anonymous_32)
FN:285,(anonymous_33)
FN:300,(anonymous_34)
FN:307,(anonymous_35)
FN:318,(anonymous_36)
FN:346,(anonymous_37)
FN:354,(anonymous_38)
FN:361,(anonymous_39)
FN:368,(anonymous_40)
FN:374,(anonymous_41)
FN:384,(anonymous_42)
FN:385,(anonymous_43)
FNF:44
FNH:37
FNDA:5,(anonymous_0)
FNDA:5,(anonymous_1)
FNDA:5,(anonymous_2)
FNDA:3,(anonymous_3)
FNDA:3,(anonymous_4)
FNDA:5,(anonymous_5)
FNDA:3,(anonymous_6)
FNDA:5,(anonymous_7)
FNDA:2,(anonymous_8)
FNDA:1,(anonymous_9)
FNDA:0,(anonymous_10)
FNDA:2,(anonymous_11)
FNDA:2,(anonymous_12)
FNDA:5,(anonymous_13)
FNDA:4,(anonymous_14)
FNDA:4,(anonymous_15)
FNDA:4,(anonymous_16)
FNDA:4,(anonymous_17)
FNDA:3,(anonymous_18)
FNDA:5,(anonymous_19)
FNDA:5,(anonymous_20)
FNDA:3,(anonymous_21)
FNDA:3,(anonymous_22)
FNDA:1,(anonymous_23)
FNDA:5,(anonymous_24)
FNDA:0,(anonymous_25)
FNDA:1,(anonymous_26)
FNDA:0,(anonymous_27)
FNDA:0,(anonymous_28)
FNDA:0,(anonymous_29)
FNDA:2,(anonymous_30)
FNDA:0,(anonymous_31)
FNDA:1,(anonymous_32)
FNDA:1,(anonymous_33)
FNDA:1,(anonymous_34)
FNDA:1,(anonymous_35)
FNDA:1,(anonymous_36)
FNDA:5,(anonymous_37)
FNDA:4,(anonymous_38)
FNDA:0,(anonymous_39)
FNDA:7,(anonymous_40)
FNDA:4,(anonymous_41)
FNDA:1,(anonymous_42)
FNDA:5,(anonymous_43)
DA:13,5
DA:14,5
DA:15,5
DA:18,5
DA:19,5
DA:22,5
DA:23,5
DA:24,5
DA:25,5
DA:29,5
DA:30,0
DA:34,5
DA:35,5
DA:38,5
DA:41,5
DA:44,5
DA:47,5
DA:49,5
DA:53,5
DA:54,5
DA:57,3
DA:58,3
DA:59,3
DA:60,3
DA:66,0
DA:67,0
DA:72,5
DA:81,5
DA:82,5
DA:88,0
DA:89,0
DA:94,3
DA:96,3
DA:106,3
DA:107,3
DA:109,3
DA:110,3
DA:111,3
DA:113,0
DA:118,5
DA:119,2
DA:121,2
DA:122,1
DA:123,1
DA:125,1
DA:126,1
DA:127,1
DA:128,1
DA:131,1
DA:136,2
DA:138,0
DA:143,2
DA:144,2
DA:145,1
DA:146,1
DA:147,1
DA:153,5
DA:154,4
DA:155,4
DA:160,4
DA:161,4
DA:162,4
DA:164,4
DA:167,4
DA:168,4
DA:172,0
DA:177,4
DA:178,4
DA:180,4
DA:181,3
DA:182,2
DA:183,2
DA:184,2
DA:191,5
DA:195,5
DA:204,3
DA:205,3
DA:211,3
DA:215,1
DA:218,0
DA:222,1
DA:225,0
DA:227,0
DA:232,5
DA:243,0
DA:255,1
DA:259,0
DA:263,0
DA:267,2
DA:271,0
DA:279,1
DA:280,1
DA:281,1
DA:283,1
DA:286,1
DA:287,1
DA:296,0
DA:301,1
DA:302,1
DA:303,1
DA:305,1
DA:308,1
DA:309,1
DA:310,1
DA:314,0
DA:319,1
DA:321,1
DA:322,1
DA:323,1
DA:327,1
DA:328,1
DA:329,1
DA:333,1
DA:336,1
DA:337,1
DA:339,1
DA:341,0
DA:347,5
DA:348,5
DA:349,5
DA:350,5
DA:351,5
DA:355,4
DA:356,4
DA:357,4
DA:362,0
DA:363,0
DA:364,0
DA:372,7
DA:373,7
DA:374,7
DA:375,4
DA:376,4
DA:378,0
DA:385,5
LF:135
LH:113
BRDA:29,0,0,0
BRDA:29,0,1,5
BRDA:59,1,0,3
BRDA:59,1,1,0
BRDA:109,2,0,3
BRDA:109,2,1,0
BRDA:122,3,0,1
BRDA:122,3,1,0
BRDA:122,3,2,0
BRDA:126,4,0,1
BRDA:126,4,1,0
BRDA:126,5,0,1
BRDA:126,5,1,1
BRDA:129,6,0,1
BRDA:129,6,1,0
BRDA:144,7,0,1
BRDA:144,7,1,1
BRDA:144,8,0,2
BRDA:144,8,1,1
BRDA:167,9,0,4
BRDA:167,9,1,0
BRDA:181,10,0,2
BRDA:181,10,1,1
BRDA:215,11,0,0
BRDA:215,11,1,0
BRDA:215,11,2,0
BRDA:215,11,3,0
BRDA:215,11,4,1
BRDA:215,11,5,0
BRDA:215,11,6,0
BRDA:215,11,7,0
BRDA:235,12,0,0
BRDA:235,12,1,5
BRDA:246,13,0,0
BRDA:246,13,1,0
BRDA:286,14,0,1
BRDA:286,14,1,0
BRDA:308,15,0,1
BRDA:308,15,1,0
BRDA:321,16,0,1
BRDA:321,16,1,0
BRDA:327,17,0,1
BRDA:327,17,1,0
BRDA:356,18,0,4
BRDA:356,18,1,0
BRDA:363,19,0,0
BRDA:363,19,1,0
BRDA:373,20,0,7
BRDA:373,20,1,0
BRF:49
BRH:23
end_of_record
TN:
SF:ditto/services/SyncDeduplicationService.ts
FN:17,(anonymous_0)
FN:22,(anonymous_1)
FN:32,(anonymous_2)
FN:36,(anonymous_3)
FN:38,(anonymous_4)
FN:50,(anonymous_5)
FN:52,(anonymous_6)
FN:58,(anonymous_7)
FN:65,(anonymous_8)
FN:81,(anonymous_9)
FN:109,(anonymous_10)
FN:136,(anonymous_11)
FN:165,(anonymous_12)
FN:184,(anonymous_13)
FN:189,(anonymous_14)
FN:215,(anonymous_15)
FN:241,(anonymous_16)
FN:257,(anonymous_17)
FN:265,(anonymous_18)
FN:276,(anonymous_19)
FN:291,(anonymous_20)
FN:297,(anonymous_21)
FN:325,(anonymous_22)
FN:330,(anonymous_23)
FN:340,(anonymous_24)
FN:353,(anonymous_25)
FN:367,(anonymous_26)
FN:377,(anonymous_27)
FN:385,(anonymous_28)
FN:391,(anonymous_29)
FN:401,(anonymous_30)
FN:413,(anonymous_31)
FN:425,(anonymous_32)
FN:432,(anonymous_33)
FN:439,(anonymous_34)
FN:446,(anonymous_35)
FN:452,(anonymous_36)
FN:459,(anonymous_37)
FN:466,(anonymous_38)
FN:472,(anonymous_39)
FN:482,(anonymous_40)
FN:483,(anonymous_41)
FNF:42
FNH:28
FNDA:7,(anonymous_0)
FNDA:0,(anonymous_1)
FNDA:0,(anonymous_2)
FNDA:0,(anonymous_3)
FNDA:0,(anonymous_4)
FNDA:0,(anonymous_5)
FNDA:0,(anonymous_6)
FNDA:5,(anonymous_7)
FNDA:2,(anonymous_8)
FNDA:3,(anonymous_9)
FNDA:1,(anonymous_10)
FNDA:1,(anonymous_11)
FNDA:1,(anonymous_12)
FNDA:1,(anonymous_13)
FNDA:1,(anonymous_14)
FNDA:0,(anonymous_15)
FNDA:0,(anonymous_16)
FNDA:0,(anonymous_17)
FNDA:0,(anonymous_18)
FNDA:1,(anonymous_19)
FNDA:1,(anonymous_20)
FNDA:5,(anonymous_21)
FNDA:7,(anonymous_22)
FNDA:7,(anonymous_23)
FNDA:1,(anonymous_24)
FNDA:1,(anonymous_25)
FNDA:3,(anonymous_26)
FNDA:1,(anonymous_27)
FNDA:1,(anonymous_28)
FNDA:1,(anonymous_29)
FNDA:2,(anonymous_30)
FNDA:2,(anonymous_31)
FNDA:4,(anonymous_32)
FNDA:2,(anonymous_33)
FNDA:0,(anonymous_34)
FNDA:7,(anonymous_35)
FNDA:3,(anonymous_36)
FNDA:0,(anonymous_37)
FNDA:3,(anonymous_38)
FNDA:3,(anonymous_39)
FNDA:0,(anonymous_40)
FNDA:0,(anonymous_41)
DA:12,7
DA:13,7
DA:14,7
DA:15,7
DA:18,7
DA:19,7
DA:23,0
DA:24,0
DA:27,0
DA:28,0
DA:29,0
DA:33,0
DA:34,0
DA:38,0
DA:39,0
DA:40,0
DA:45,0
DA:46,0
DA:52,0
DA:53,0
DA:59,5
DA:60,5
DA:61,5
DA:66,2
DA:68,2
DA:69,2
DA:73,2
DA:75,0
DA:76,0
DA:86,3
DA:87,3
DA:89,3
DA:91,3
DA:93,1
DA:94,1
DA:98,2
DA:100,1
DA:101,1
DA:105,1
DA:106,1
DA:116,1
DA:126,1
DA:132,1
DA:133,1
DA:141,1
DA:143,1
DA:152,1
DA:159,1
DA:161,1
DA:162,1
DA:170,1
DA:172,1
DA:174,1
DA:176,0
DA:178,0
DA:180,0
DA:189,1
DA:190,1
DA:192,1
DA:194,1
DA:207,1
DA:208,1
DA:209,1
DA:212,0
DA:221,0
DA:223,0
DA:236,0
DA:237,0
DA:238,0
DA:247,0
DA:253,0
DA:254,0
DA:258,0
DA:260,0
DA:262,0
DA:265,0
DA:270,0
DA:272,0
DA:277,1
DA:278,1
DA:280,1
DA:281,2
DA:283,1
DA:287,0
DA:293,1
DA:298,5
DA:300,5
DA:307,0
DA:314,0
DA:321,0
DA:326,7
DA:327,7
DA:331,7
DA:332,7
DA:333,548
DA:334,548
DA:335,548
DA:337,7
DA:341,1
DA:343,1
DA:345,0
DA:347,0
DA:349,0
DA:354,1
DA:356,1
DA:358,0
DA:360,0
DA:362,0
DA:368,3
DA:369,3
DA:370,3
DA:372,0
DA:373,0
DA:378,1
DA:386,1
DA:387,1
DA:389,1
DA:392,1
DA:393,1
DA:394,1
DA:395,1
DA:396,1
DA:402,2
DA:414,2
DA:426,4
DA:433,2
DA:440,0
DA:441,0
DA:442,0
DA:447,7
DA:448,7
DA:449,7
DA:453,3
DA:454,3
DA:455,3
DA:460,0
DA:461,0
DA:462,0
DA:470,3
DA:471,3
DA:472,3
DA:473,3
DA:474,3
DA:476,0
DA:483,0
LF:145
LH:91
BRDA:23,0,0,0
BRDA:23,0,1,0
BRDA:91,1,0,1
BRDA:91,1,1,2
BRDA:98,2,0,1
BRDA:98,2,1,1
BRDA:172,3,0,1
BRDA:172,3,1,0
BRDA:172,3,2,0
BRDA:172,3,3,0
BRDA:192,4,0,1
BRDA:192,4,1,0
BRDA:258,5,0,0
BRDA:258,5,1,0
BRDA:258,5,2,0
BRDA:258,5,3,0
BRDA:281,6,0,1
BRDA:281,6,1,1
BRDA:298,7,0,5
BRDA:298,7,1,0
BRDA:298,7,2,0
BRDA:298,7,3,0
BRDA:341,8,0,1
BRDA:341,8,1,0
BRDA:341,8,2,0
BRDA:341,8,3,0
BRDA:343,9,0,1
BRDA:343,9,1,0
BRDA:345,10,0,0
BRDA:345,10,1,0
BRDA:347,11,0,0
BRDA:347,11,1,0
BRDA:354,12,0,1
BRDA:354,12,1,0
BRDA:354,12,2,0
BRDA:354,12,3,0
BRDA:370,13,0,2
BRDA:370,13,1,1
BRDA:392,14,0,1
BRDA:392,14,1,0
BRDA:394,15,0,1
BRDA:394,15,1,0
BRDA:406,16,0,1
BRDA:406,16,1,1
BRDA:418,17,0,0
BRDA:418,17,1,2
BRDA:454,18,0,3
BRDA:454,18,1,0
BRDA:461,19,0,0
BRDA:461,19,1,0
BRDA:471,20,0,3
BRDA:471,20,1,0
BRF:52
BRH:21
end_of_record
