TN:
SF:src/config/DittoConfig.ts
FN:18,(anonymous_0)
FN:26,(anonymous_1)
FN:46,(anonymous_2)
FN:56,(anonymous_3)
FN:73,(anonymous_4)
FN:110,(anonymous_5)
FN:117,(anonymous_6)
FN:125,(anonymous_7)
FN:141,(anonymous_8)
FN:157,(anonymous_9)
FNF:10
FNH:10
FNDA:8,(anonymous_0)
FNDA:1,(anonymous_1)
FNDA:2,(anonymous_2)
FNDA:1,(anonymous_3)
FNDA:4,(anonymous_4)
FNDA:2,(anonymous_5)
FNDA:2,(anonymous_6)
FNDA:3,(anonymous_7)
FNDA:1,(anonymous_8)
FNDA:1,(anonymous_9)
DA:6,12
DA:7,12
DA:8,12
DA:10,12
DA:11,12
DA:12,12
DA:19,8
DA:20,1
DA:23,7
DA:25,1
DA:26,1
DA:28,1
DA:29,1
DA:33,6
DA:35,6
DA:37,6
DA:38,5
DA:41,5
DA:49,2
DA:50,2
DA:51,1
DA:53,1
DA:57,1
DA:68,5
DA:70,5
DA:73,5
DA:75,4
DA:83,5
DA:85,5
DA:86,5
DA:87,5
DA:89,5
DA:91,1
DA:93,1
DA:100,1
DA:102,6
DA:111,2
DA:118,2
DA:126,3
DA:127,2
DA:128,2
DA:129,1
DA:130,1
DA:132,1
DA:142,1
DA:143,1
DA:148,1
DA:150,0
DA:160,1
LF:49
LH:48
BRDA:19,0,0,1
BRDA:23,1,0,1
BRDA:28,2,0,1
BRDA:41,3,0,2
BRDA:41,3,1,3
BRDA:126,4,0,2
BRDA:142,5,0,1
BRF:7
BRH:7
end_of_record
TN:
SF:src/config/EnvironmentConfig.ts
FN:20,(anonymous_9)
FN:47,(anonymous_10)
FN:62,(anonymous_11)
FN:63,(anonymous_12)
FNF:4
FNH:4
FNDA:6,(anonymous_9)
FNDA:3,(anonymous_10)
FNDA:2,(anonymous_11)
FNDA:2,(anonymous_12)
DA:20,11
DA:23,6
DA:25,6
DA:33,6
DA:34,3
DA:37,3
DA:38,1
DA:41,2
DA:47,11
DA:48,3
DA:50,3
DA:52,2
DA:55,2
DA:62,11
DA:63,4
DA:65,2
DA:67,2
DA:68,1
DA:69,0
DA:76,1
DA:79,1
LF:21
LH:20
BRDA:23,0,0,6
BRDA:23,0,1,0
BRDA:26,1,0,6
BRDA:26,1,1,4
BRDA:26,2,0,1
BRDA:26,2,1,3
BRDA:27,3,0,6
BRDA:27,3,1,5
BRDA:27,4,0,1
BRDA:27,4,1,4
BRDA:28,5,0,6
BRDA:28,5,1,3
BRDA:29,6,0,6
BRDA:29,6,1,5
BRDA:33,7,0,3
BRDA:33,8,0,6
BRDA:33,8,1,3
BRDA:37,9,0,1
BRDA:37,10,0,3
BRDA:37,10,1,2
BRDA:67,11,0,1
BRDA:68,12,0,0
BRF:22
BRH:20
end_of_record
TN:
SF:src/config/ExpoConfig.ts
FN:23,(anonymous_0)
FNF:1
FNH:1
FNDA:2,(anonymous_0)
DA:23,1
DA:28,2
DA:36,2
DA:37,1
DA:40,1
DA:41,0
DA:44,1
LF:7
LH:6
BRDA:29,0,0,1
BRDA:29,0,1,1
BRDA:30,1,0,1
BRDA:30,1,1,1
BRDA:36,2,0,1
BRDA:40,3,0,0
BRF:6
BRH:5
end_of_record
TN:
SF:src/config/SecureStorage.ts
FN:20,(anonymous_0)
FN:48,(anonymous_1)
FN:69,(anonymous_2)
FNF:3
FNH:3
FNDA:3,(anonymous_0)
FNDA:3,(anonymous_1)
FNDA:3,(anonymous_2)
DA:20,3
DA:21,3
DA:23,3
DA:24,1
DA:37,2
DA:38,1
DA:40,1
DA:41,1
DA:48,3
DA:49,3
DA:58,3
DA:59,2
DA:61,1
DA:62,1
DA:69,3
DA:70,3
DA:75,3
DA:76,2
DA:78,1
DA:79,1
LF:20
LH:20
BRDA:23,0,0,1
BRF:1
BRH:1
end_of_record
TN:
SF:src/hooks/useDittoSync.ts
FN:11,(anonymous_0)
FN:20,(anonymous_1)
FN:24,(anonymous_2)
FN:36,(anonymous_3)
FN:41,(anonymous_4)
FN:49,(anonymous_5)
FN:58,(anonymous_6)
FN:81,(anonymous_7)
FN:92,(anonymous_8)
FN:101,(anonymous_9)
FNF:10
FNH:10
FNDA:42,(anonymous_0)
FNDA:13,(anonymous_1)
FNDA:13,(anonymous_2)
FNDA:1,(anonymous_3)
FNDA:1,(anonymous_4)
FNDA:1,(anonymous_5)
FNDA:3,(anonymous_6)
FNDA:2,(anonymous_7)
FNDA:1,(anonymous_8)
FNDA:1,(anonymous_9)
DA:6,3
DA:7,3
DA:9,3
DA:11,3
DA:12,42
DA:18,42
DA:20,42
DA:21,13
DA:22,13
DA:24,13
DA:25,13
DA:27,13
DA:28,13
DA:29,10
DA:32,12
DA:33,12
DA:36,3
DA:37,1
DA:39,1
DA:41,1
DA:49,3
DA:50,1
DA:51,1
DA:53,0
DA:58,3
DA:63,3
DA:65,1
DA:67,1
DA:68,1
DA:71,1
DA:79,13
DA:81,13
DA:82,2
DA:83,2
DA:84,1
DA:92,42
DA:93,1
DA:94,1
DA:95,1
DA:96,0
DA:101,1
DA:102,1
DA:104,0
DA:105,0
DA:109,42
LF:45
LH:41
BRDA:28,0,0,10
BRDA:33,1,0,9
BRDA:33,2,0,12
BRDA:33,2,1,3
BRDA:37,3,0,0
BRDA:65,4,0,0
BRDA:83,5,0,1
BRDA:95,6,0,0
BRF:8
BRH:5
end_of_record
TN:
SF:src/hooks/useMapPoints.ts
FN:13,(anonymous_0)
FN:23,(anonymous_1)
FN:26,(anonymous_2)
FN:55,(anonymous_3)
FN:61,(anonymous_4)
FN:67,(anonymous_5)
FN:73,(anonymous_6)
FN:80,(anonymous_7)
FN:100,(anonymous_8)
FN:111,(anonymous_9)
FN:130,(anonymous_10)
FN:149,(anonymous_11)
FN:170,(anonymous_12)
FN:187,(anonymous_13)
FN:204,(anonymous_14)
FNF:15
FNH:13
FNDA:31,(anonymous_0)
FNDA:9,(anonymous_1)
FNDA:9,(anonymous_2)
FNDA:1,(anonymous_3)
FNDA:19,(anonymous_4)
FNDA:10,(anonymous_5)
FNDA:0,(anonymous_6)
FNDA:1,(anonymous_7)
FNDA:2,(anonymous_8)
FNDA:2,(anonymous_9)
FNDA:2,(anonymous_10)
FNDA:2,(anonymous_11)
FNDA:1,(anonymous_12)
FNDA:1,(anonymous_13)
FNDA:0,(anonymous_14)
DA:6,2
DA:8,2
DA:9,2
DA:10,2
DA:11,2
DA:13,2
DA:14,31
DA:15,31
DA:16,31
DA:17,31
DA:20,31
DA:23,31
DA:24,9
DA:26,9
DA:27,9
DA:28,9
DA:29,9
DA:32,9
DA:34,9
DA:37,9
DA:38,9
DA:40,9
DA:42,9
DA:43,9
DA:45,0
DA:47,0
DA:48,0
DA:49,0
DA:53,9
DA:55,9
DA:56,1
DA:61,31
DA:62,19
DA:64,10
DA:65,10
DA:67,10
DA:68,10
DA:69,10
DA:72,10
DA:73,2
DA:74,0
DA:75,0
DA:76,0
DA:77,0
DA:80,8
DA:81,1
DA:82,1
DA:83,1
DA:84,1
DA:88,9
DA:90,1
DA:92,1
DA:93,1
DA:94,1
DA:98,10
DA:100,10
DA:101,2
DA:102,2
DA:103,2
DA:111,31
DA:112,2
DA:113,0
DA:116,2
DA:117,2
DA:118,1
DA:119,1
DA:121,1
DA:122,1
DA:123,1
DA:130,31
DA:131,2
DA:132,0
DA:135,2
DA:136,2
DA:137,1
DA:138,1
DA:140,1
DA:141,1
DA:142,1
DA:149,31
DA:150,2
DA:151,0
DA:154,2
DA:155,2
DA:156,1
DA:157,1
DA:159,1
DA:161,1
DA:162,1
DA:163,1
DA:170,31
DA:171,1
DA:172,1
DA:175,0
DA:176,0
DA:178,0
DA:179,0
DA:180,0
DA:187,31
DA:188,1
DA:189,1
DA:192,0
DA:193,0
DA:195,0
DA:196,0
DA:197,0
DA:204,31
DA:205,0
DA:208,31
LF:109
LH:87
BRDA:34,0,0,0
BRDA:40,1,0,0
BRDA:45,2,0,0
BRDA:62,3,0,9
BRDA:72,4,0,2
BRDA:72,4,1,8
BRDA:74,5,0,0
BRDA:81,6,0,0
BRDA:88,7,0,2
BRDA:88,7,1,7
BRDA:90,8,0,0
BRDA:102,9,0,2
BRDA:112,10,0,0
BRDA:131,11,0,0
BRDA:150,12,0,0
BRDA:156,13,0,1
BRDA:171,14,0,1
BRDA:188,15,0,1
BRF:18
BRH:9
end_of_record
TN:
SF:src/managers/DittoManager.ts
FN:15,(anonymous_0)
FN:24,(anonymous_1)
FN:47,(anonymous_2)
FN:65,(anonymous_3)
FN:71,(anonymous_4)
FN:80,(anonymous_5)
FN:92,(anonymous_6)
FN:99,(anonymous_7)
FN:108,(anonymous_8)
FN:115,(anonymous_9)
FN:140,(anonymous_10)
FNF:11
FNH:11
FNDA:25,(anonymous_0)
FNDA:22,(anonymous_1)
FNDA:19,(anonymous_2)
FNDA:4,(anonymous_3)
FNDA:2,(anonymous_4)
FNDA:3,(anonymous_5)
FNDA:1,(anonymous_6)
FNDA:2,(anonymous_7)
FNDA:6,(anonymous_8)
FNDA:7,(anonymous_9)
FNDA:26,(anonymous_10)
DA:7,7
DA:8,7
DA:9,7
DA:11,7
DA:16,25
DA:17,25
DA:25,22
DA:27,22
DA:31,22
DA:33,0
DA:34,0
DA:36,0
DA:48,19
DA:49,19
DA:51,7
DA:52,7
DA:54,7
DA:70,4
DA:71,4
DA:72,2
DA:73,2
DA:75,1
DA:80,3
DA:81,3
DA:82,3
DA:84,1
DA:88,1
DA:89,1
DA:92,1
DA:100,2
DA:101,2
DA:102,2
DA:109,6
DA:116,7
DA:118,7
DA:119,1
DA:122,6
DA:123,1
DA:126,5
DA:127,0
DA:130,5
DA:131,1
DA:134,4
DA:141,26
DA:142,0
LF:45
LH:40
BRDA:47,0,0,4
BRDA:116,1,0,7
BRDA:116,1,1,0
BRDA:118,2,0,1
BRDA:118,3,0,7
BRDA:118,3,1,6
BRDA:122,4,0,1
BRDA:122,5,0,6
BRDA:122,5,1,5
BRDA:126,6,0,0
BRDA:130,7,0,1
BRDA:130,8,0,5
BRDA:130,8,1,4
BRDA:141,9,0,0
BRF:14
BRH:11
end_of_record
TN:
SF:src/managers/PointManager.ts
FN:11,(anonymous_0)
FN:18,(anonymous_1)
FN:57,(anonymous_2)
FN:84,(anonymous_3)
FN:123,(anonymous_4)
FN:124,(anonymous_5)
FN:152,(anonymous_6)
FN:176,(anonymous_7)
FN:184,(anonymous_8)
FN:194,(anonymous_9)
FN:212,(anonymous_10)
FN:222,(anonymous_11)
FN:237,(anonymous_12)
FN:247,(anonymous_13)
FN:265,(anonymous_14)
FN:275,(anonymous_15)
FN:293,(anonymous_16)
FN:309,(anonymous_17)
FN:310,(anonymous_18)
FN:318,(anonymous_19)
FN:323,(anonymous_20)
FN:324,(anonymous_21)
FNF:22
FNH:19
FNDA:25,(anonymous_0)
FNDA:2,(anonymous_1)
FNDA:5,(anonymous_2)
FNDA:3,(anonymous_3)
FNDA:6,(anonymous_4)
FNDA:6,(anonymous_5)
FNDA:3,(anonymous_6)
FNDA:2,(anonymous_7)
FNDA:2,(anonymous_8)
FNDA:2,(anonymous_9)
FNDA:2,(anonymous_10)
FNDA:2,(anonymous_11)
FNDA:0,(anonymous_12)
FNDA:3,(anonymous_13)
FNDA:1,(anonymous_14)
FNDA:2,(anonymous_15)
FNDA:1,(anonymous_16)
FNDA:0,(anonymous_17)
FNDA:0,(anonymous_18)
FNDA:1,(anonymous_19)
FNDA:1,(anonymous_20)
FNDA:1,(anonymous_21)
DA:6,7
DA:7,7
DA:8,7
DA:10,7
DA:12,25
DA:19,2
DA:22,2
DA:24,2
DA:26,2
DA:40,2
DA:41,2
DA:46,1
DA:47,1
DA:49,1
DA:50,1
DA:58,5
DA:60,5
DA:61,1
DA:64,4
DA:65,4
DA:70,4
DA:71,1
DA:74,3
DA:76,0
DA:77,0
DA:85,3
DA:87,3
DA:88,0
DA:95,3
DA:96,3
DA:101,3
DA:105,2
DA:110,2
DA:111,2
DA:113,2
DA:114,1
DA:116,2
DA:117,1
DA:120,2
DA:122,2
DA:123,6
DA:124,6
DA:127,2
DA:133,2
DA:134,2
DA:135,0
DA:141,2
DA:142,2
DA:144,0
DA:145,0
DA:153,3
DA:155,3
DA:156,1
DA:159,2
DA:160,2
DA:165,1
DA:166,1
DA:168,1
DA:169,1
DA:177,2
DA:179,2
DA:180,2
DA:184,2
DA:186,1
DA:187,1
DA:195,2
DA:197,2
DA:198,2
DA:212,2
DA:214,1
DA:215,1
DA:223,2
DA:225,2
DA:226,1
DA:229,1
DA:230,1
DA:237,0
DA:239,1
DA:240,1
DA:248,3
DA:250,3
DA:251,1
DA:254,2
DA:256,2
DA:257,2
DA:265,1
DA:267,1
DA:268,1
DA:276,2
DA:278,2
DA:279,2
DA:283,1
DA:285,1
DA:286,1
DA:294,1
DA:296,1
DA:302,1
DA:309,1
DA:310,0
DA:311,0
DA:319,1
DA:321,1
DA:323,1
DA:324,1
DA:325,1
LF:105
LH:96
BRDA:31,0,0,1
BRDA:31,0,1,1
BRDA:32,1,0,1
BRDA:32,1,1,1
BRDA:33,2,0,2
BRDA:33,2,1,1
BRDA:34,3,0,2
BRDA:34,3,1,2
BRDA:60,4,0,1
BRDA:70,5,0,1
BRDA:87,6,0,0
BRDA:95,7,0,3
BRDA:95,8,0,3
BRDA:95,8,1,2
BRDA:95,8,2,2
BRDA:97,9,0,3
BRDA:97,9,1,2
BRDA:98,10,0,3
BRDA:98,10,1,3
BRDA:99,11,0,3
BRDA:99,11,1,1
BRDA:110,12,0,2
BRDA:113,13,0,1
BRDA:116,14,0,1
BRDA:134,15,0,0
BRDA:155,16,0,1
BRDA:225,17,0,1
BRDA:250,18,0,1
BRDA:250,19,0,3
BRDA:250,19,1,2
BRDA:283,20,0,1
BRDA:283,20,1,0
BRF:32
BRH:29
end_of_record
TN:
SF:src/types/MapPoint.ts
FN:65,(anonymous_0)
FNF:1
FNH:1
FNDA:24,(anonymous_0)
DA:65,24
DA:66,24
DA:67,24
DA:68,24
DA:69,24
DA:70,24
DA:71,24
LF:7
LH:7
BRDA:65,0,0,24
BRDA:65,0,1,24
BRF:2
BRH:2
end_of_record
TN:
SF:src/utils/ErrorHandler.ts
FN:13,(anonymous_0)
FN:52,(anonymous_1)
FN:80,(anonymous_2)
FN:96,(anonymous_3)
FN:140,(anonymous_4)
FN:154,(anonymous_5)
FN:165,(anonymous_6)
FNF:7
FNH:7
FNDA:24,(anonymous_0)
FNDA:6,(anonymous_1)
FNDA:17,(anonymous_2)
FNDA:14,(anonymous_3)
FNDA:11,(anonymous_4)
FNDA:4,(anonymous_5)
FNDA:2,(anonymous_6)
DA:6,12
DA:8,12
DA:14,24
DA:22,24
DA:23,6
DA:27,18
DA:29,18
DA:30,2
DA:33,16
DA:34,2
DA:37,14
DA:38,2
DA:41,12
DA:42,1
DA:46,11
DA:53,6
DA:55,1
DA:58,1
DA:61,1
DA:64,1
DA:67,1
DA:70,1
DA:73,0
DA:85,17
DA:97,14
DA:98,1
DA:104,13
DA:105,3
DA:111,10
DA:112,2
DA:118,8
DA:119,2
DA:126,6
DA:127,2
DA:128,2
DA:129,1
DA:141,11
DA:142,0
DA:145,11
DA:155,4
DA:156,4
DA:166,2
LF:42
LH:40
BRDA:22,0,0,6
BRDA:27,1,0,18
BRDA:27,1,1,0
BRDA:29,2,0,2
BRDA:29,3,0,18
BRDA:29,3,1,16
BRDA:33,4,0,2
BRDA:33,5,0,16
BRDA:33,5,1,14
BRDA:37,6,0,2
BRDA:37,7,0,14
BRDA:37,7,1,12
BRDA:41,8,0,1
BRDA:53,9,0,1
BRDA:53,9,1,1
BRDA:53,9,2,1
BRDA:53,9,3,1
BRDA:53,9,4,1
BRDA:53,9,5,1
BRDA:53,9,6,0
BRDA:97,10,0,1
BRDA:104,11,0,3
BRDA:104,12,0,13
BRDA:104,12,1,13
BRDA:104,12,2,13
BRDA:111,13,0,2
BRDA:111,14,0,10
BRDA:111,14,1,10
BRDA:111,14,2,10
BRDA:118,15,0,2
BRDA:118,16,0,8
BRDA:118,16,1,6
BRDA:118,16,2,6
BRDA:126,17,0,2
BRDA:126,18,0,6
BRDA:126,18,1,2
BRDA:128,19,0,1
BRDA:141,20,0,0
BRDA:155,21,0,4
BRDA:155,21,1,2
BRDA:156,22,0,4
BRDA:156,22,1,2
BRDA:156,22,2,2
BRDA:156,22,3,2
BRDA:166,23,0,2
BRDA:166,23,1,1
BRF:46
BRH:43
end_of_record
